<?xml version="1.0" encoding="utf-8"?>
<!DOCTYPE coverage SYSTEM "http://cobertura.sourceforge.net/xml/coverage-04.dtd">
<coverage line-rate="0.567307692307692" branch-rate="0.15625" lines-covered="59" lines-valid="104" branches-covered="5" branches-valid="32" complexity="46" version="0" timestamp="1710893793">
  <sources>
    <source>C:\Users\vampy\</source>
  </sources>
  <packages>
    <package name="CodePasswordDLL.Test" line-rate="0.907692307692308" branch-rate="0.555555555555556" complexity="23">
      <classes>
        <class name="AutoGeneratedProgram" filename="C:\Users\vampy\.nuget\packages\microsoft.net.test.sdk\17.8.0\build\netcoreapp3.1\Microsoft.NET.Test.Sdk.Program.cs" line-rate="0" branch-rate="1" complexity="1">
          <methods>
            <method name="Main" signature="(...)" line-rate="0" branch-rate="1" complexity="1">
              <lines>
                <line number="4" hits="0" branch="false" />
              </lines>
            </method>
          </methods>
          <lines>
            <line number="4" hits="0" branch="false" />
          </lines>
        </class>
        <class name="MathOperations" filename="C:\Users\vampy\OneDrive\Рабочий стол\6сем\TiOPO\LR1\CodePasswordDLL.Test\CodePasswordTests.cs" line-rate="0.772727272727273" branch-rate="0.555555555555556" complexity="12">
          <methods>
            <method name="Addition" signature="(...)" line-rate="1" branch-rate="1" complexity="1">
              <lines>
                <line number="81" hits="5" branch="false" />
                <line number="82" hits="5" branch="false" />
                <line number="83" hits="5" branch="false" />
              </lines>
            </method>
            <method name="Subtraction" signature="(...)" line-rate="1" branch-rate="1" complexity="1">
              <lines>
                <line number="86" hits="5" branch="false" />
                <line number="87" hits="5" branch="false" />
                <line number="88" hits="5" branch="false" />
              </lines>
            </method>
            <method name="Multiplication" signature="(...)" line-rate="1" branch-rate="1" complexity="1">
              <lines>
                <line number="91" hits="5" branch="false" />
                <line number="92" hits="5" branch="false" />
                <line number="93" hits="5" branch="false" />
              </lines>
            </method>
            <method name="Division" signature="(...)" line-rate="1" branch-rate="1" complexity="2">
              <lines>
                <line number="96" hits="6" branch="false" />
                <line number="97" hits="6" branch="true" condition-coverage="100% (2/2)" />
                <line number="98" hits="1" branch="false" />
                <line number="99" hits="5" branch="false" />
                <line number="100" hits="5" branch="false" />
              </lines>
            </method>
            <method name="PerformOperation" signature="(...)" line-rate="0.375" branch-rate="0.428571428571429" complexity="7">
              <lines>
                <line number="103" hits="1" branch="false" />
                <line number="104" hits="1" branch="true" condition-coverage="43% (3/7)" />
                <line number="107" hits="0" branch="false" />
                <line number="109" hits="0" branch="false" />
                <line number="111" hits="0" branch="false" />
                <line number="113" hits="0" branch="false" />
                <line number="115" hits="1" branch="false" />
                <line number="117" hits="0" branch="false" />
              </lines>
            </method>
          </methods>
          <lines>
            <line number="81" hits="5" branch="false" />
            <line number="82" hits="5" branch="false" />
            <line number="83" hits="5" branch="false" />
            <line number="86" hits="5" branch="false" />
            <line number="87" hits="5" branch="false" />
            <line number="88" hits="5" branch="false" />
            <line number="91" hits="5" branch="false" />
            <line number="92" hits="5" branch="false" />
            <line number="93" hits="5" branch="false" />
            <line number="96" hits="6" branch="false" />
            <line number="97" hits="6" branch="true" condition-coverage="100% (2/2)" />
            <line number="98" hits="1" branch="false" />
            <line number="99" hits="5" branch="false" />
            <line number="100" hits="5" branch="false" />
            <line number="103" hits="1" branch="false" />
            <line number="104" hits="1" branch="true" condition-coverage="43% (3/7)" />
            <line number="107" hits="0" branch="false" />
            <line number="109" hits="0" branch="false" />
            <line number="111" hits="0" branch="false" />
            <line number="113" hits="0" branch="false" />
            <line number="115" hits="1" branch="false" />
            <line number="117" hits="0" branch="false" />
          </lines>
        </class>
        <class name="MathOperationsTests" filename="C:\Users\vampy\OneDrive\Рабочий стол\6сем\TiOPO\LR1\CodePasswordDLL.Test\CodePasswordTests.cs" line-rate="1" branch-rate="1" complexity="10">
          <methods>
            <method name="Addition" signature="()" line-rate="1" branch-rate="1" complexity="1">
              <lines>
                <line number="7" hits="1" branch="false" />
                <line number="8" hits="1" branch="false" />
                <line number="9" hits="1" branch="false" />
                <line number="10" hits="1" branch="false" />
                <line number="11" hits="1" branch="false" />
              </lines>
            </method>
            <method name="Subtraction" signature="()" line-rate="1" branch-rate="1" complexity="1">
              <lines>
                <line number="15" hits="1" branch="false" />
                <line number="16" hits="1" branch="false" />
                <line number="17" hits="1" branch="false" />
                <line number="18" hits="1" branch="false" />
                <line number="19" hits="1" branch="false" />
              </lines>
            </method>
            <method name="Multiplication" signature="()" line-rate="1" branch-rate="1" complexity="1">
              <lines>
                <line number="23" hits="1" branch="false" />
                <line number="24" hits="1" branch="false" />
                <line number="25" hits="1" branch="false" />
                <line number="26" hits="1" branch="false" />
                <line number="27" hits="1" branch="false" />
              </lines>
            </method>
            <method name="Division" signature="()" line-rate="1" branch-rate="1" complexity="1">
              <lines>
                <line number="31" hits="1" branch="false" />
                <line number="32" hits="1" branch="false" />
                <line number="33" hits="1" branch="false" />
                <line number="34" hits="1" branch="false" />
                <line number="35" hits="1" branch="false" />
              </lines>
            </method>
            <method name="DivisionByZero" signature="()" line-rate="1" branch-rate="1" complexity="1">
              <lines>
                <line number="39" hits="1" branch="false" />
                <line number="40" hits="2" branch="false" />
                <line number="41" hits="1" branch="false" />
              </lines>
            </method>
            <method name="InvalidOperation" signature="()" line-rate="1" branch-rate="1" complexity="1">
              <lines>
                <line number="45" hits="1" branch="false" />
                <line number="46" hits="2" branch="false" />
                <line number="47" hits="1" branch="false" />
              </lines>
            </method>
            <method name="AdditionWithSmallNumbers" signature="()" line-rate="1" branch-rate="1" complexity="1">
              <lines>
                <line number="51" hits="1" branch="false" />
                <line number="52" hits="1" branch="false" />
                <line number="53" hits="1" branch="false" />
                <line number="54" hits="1" branch="false" />
              </lines>
            </method>
            <method name="SubtractionWithSmallNumbers" signature="()" line-rate="1" branch-rate="1" complexity="1">
              <lines>
                <line number="58" hits="1" branch="false" />
                <line number="59" hits="1" branch="false" />
                <line number="60" hits="1" branch="false" />
                <line number="61" hits="1" branch="false" />
              </lines>
            </method>
            <method name="MultiplicationWithSmallNumbers" signature="()" line-rate="1" branch-rate="1" complexity="1">
              <lines>
                <line number="65" hits="1" branch="false" />
                <line number="66" hits="1" branch="false" />
                <line number="67" hits="1" branch="false" />
                <line number="68" hits="1" branch="false" />
              </lines>
            </method>
            <method name="DivisionWithSmallNumbers" signature="()" line-rate="1" branch-rate="1" complexity="1">
              <lines>
                <line number="72" hits="1" branch="false" />
                <line number="73" hits="1" branch="false" />
                <line number="74" hits="1" branch="false" />
                <line number="75" hits="1" branch="false" />
              </lines>
            </method>
          </methods>
          <lines>
            <line number="7" hits="1" branch="false" />
            <line number="8" hits="1" branch="false" />
            <line number="9" hits="1" branch="false" />
            <line number="10" hits="1" branch="false" />
            <line number="11" hits="1" branch="false" />
            <line number="15" hits="1" branch="false" />
            <line number="16" hits="1" branch="false" />
            <line number="17" hits="1" branch="false" />
            <line number="18" hits="1" branch="false" />
            <line number="19" hits="1" branch="false" />
            <line number="23" hits="1" branch="false" />
            <line number="24" hits="1" branch="false" />
            <line number="25" hits="1" branch="false" />
            <line number="26" hits="1" branch="false" />
            <line number="27" hits="1" branch="false" />
            <line number="31" hits="1" branch="false" />
            <line number="32" hits="1" branch="false" />
            <line number="33" hits="1" branch="false" />
            <line number="34" hits="1" branch="false" />
            <line number="35" hits="1" branch="false" />
            <line number="39" hits="1" branch="false" />
            <line number="40" hits="2" branch="false" />
            <line number="41" hits="1" branch="false" />
            <line number="45" hits="1" branch="false" />
            <line number="46" hits="2" branch="false" />
            <line number="47" hits="1" branch="false" />
            <line number="51" hits="1" branch="false" />
            <line number="52" hits="1" branch="false" />
            <line number="53" hits="1" branch="false" />
            <line number="54" hits="1" branch="false" />
            <line number="58" hits="1" branch="false" />
            <line number="59" hits="1" branch="false" />
            <line number="60" hits="1" branch="false" />
            <line number="61" hits="1" branch="false" />
            <line number="65" hits="1" branch="false" />
            <line number="66" hits="1" branch="false" />
            <line number="67" hits="1" branch="false" />
            <line number="68" hits="1" branch="false" />
            <line number="72" hits="1" branch="false" />
            <line number="73" hits="1" branch="false" />
            <line number="74" hits="1" branch="false" />
            <line number="75" hits="1" branch="false" />
          </lines>
        </class>
      </classes>
    </package>
    <package name="LR1" line-rate="0" branch-rate="0" complexity="23">
      <classes>
        <class name="MainClass" filename="C:\Users\vampy\OneDrive\Рабочий стол\6сем\TiOPO\LR1\LR1\Class1.cs" line-rate="0" branch-rate="0" complexity="23">
          <methods>
            <method name="Main" signature="(...)" line-rate="0" branch-rate="0" complexity="23">
              <lines>
                <line number="6" hits="0" branch="false" />
                <line number="10" hits="0" branch="false" />
                <line number="11" hits="0" branch="true" condition-coverage="0% (0/2)" />
                <line number="12" hits="0" branch="false" />
                <line number="13" hits="0" branch="false" />
                <line number="14" hits="0" branch="false" />
                <line number="17" hits="0" branch="false" />
                <line number="18" hits="0" branch="true" condition-coverage="0% (0/2)" />
                <line number="19" hits="0" branch="false" />
                <line number="20" hits="0" branch="false" />
                <line number="21" hits="0" branch="false" />
                <line number="24" hits="0" branch="false" />
                <line number="25" hits="0" branch="true" condition-coverage="0% (0/10)" />
                <line number="26" hits="0" branch="false" />
                <line number="27" hits="0" branch="false" />
                <line number="28" hits="0" branch="false" />
                <line number="31" hits="0" branch="false" />
                <line number="32" hits="0" branch="true" condition-coverage="0% (0/7)" />
                <line number="35" hits="0" branch="false" />
                <line number="36" hits="0" branch="false" />
                <line number="37" hits="0" branch="false" />
                <line number="39" hits="0" branch="false" />
                <line number="40" hits="0" branch="false" />
                <line number="41" hits="0" branch="false" />
                <line number="43" hits="0" branch="false" />
                <line number="44" hits="0" branch="false" />
                <line number="45" hits="0" branch="false" />
                <line number="47" hits="0" branch="true" condition-coverage="0% (0/2)" />
                <line number="48" hits="0" branch="false" />
                <line number="49" hits="0" branch="false" />
                <line number="50" hits="0" branch="false" />
                <line number="51" hits="0" branch="false" />
                <line number="53" hits="0" branch="false" />
                <line number="54" hits="0" branch="false" />
                <line number="55" hits="0" branch="false" />
                <line number="57" hits="0" branch="false" />
                <line number="59" hits="0" branch="false" />
                <line number="60" hits="0" branch="false" />
                <line number="62" hits="0" branch="false" />
              </lines>
            </method>
          </methods>
          <lines>
            <line number="6" hits="0" branch="false" />
            <line number="10" hits="0" branch="false" />
            <line number="11" hits="0" branch="true" condition-coverage="0% (0/2)" />
            <line number="12" hits="0" branch="false" />
            <line number="13" hits="0" branch="false" />
            <line number="14" hits="0" branch="false" />
            <line number="17" hits="0" branch="false" />
            <line number="18" hits="0" branch="true" condition-coverage="0% (0/2)" />
            <line number="19" hits="0" branch="false" />
            <line number="20" hits="0" branch="false" />
            <line number="21" hits="0" branch="false" />
            <line number="24" hits="0" branch="false" />
            <line number="25" hits="0" branch="true" condition-coverage="0% (0/10)" />
            <line number="26" hits="0" branch="false" />
            <line number="27" hits="0" branch="false" />
            <line number="28" hits="0" branch="false" />
            <line number="31" hits="0" branch="false" />
            <line number="32" hits="0" branch="true" condition-coverage="0% (0/7)" />
            <line number="35" hits="0" branch="false" />
            <line number="36" hits="0" branch="false" />
            <line number="37" hits="0" branch="false" />
            <line number="39" hits="0" branch="false" />
            <line number="40" hits="0" branch="false" />
            <line number="41" hits="0" branch="false" />
            <line number="43" hits="0" branch="false" />
            <line number="44" hits="0" branch="false" />
            <line number="45" hits="0" branch="false" />
            <line number="47" hits="0" branch="true" condition-coverage="0% (0/2)" />
            <line number="48" hits="0" branch="false" />
            <line number="49" hits="0" branch="false" />
            <line number="50" hits="0" branch="false" />
            <line number="51" hits="0" branch="false" />
            <line number="53" hits="0" branch="false" />
            <line number="54" hits="0" branch="false" />
            <line number="55" hits="0" branch="false" />
            <line number="57" hits="0" branch="false" />
            <line number="59" hits="0" branch="false" />
            <line number="60" hits="0" branch="false" />
            <line number="62" hits="0" branch="false" />
          </lines>
        </class>
      </classes>
    </package>
  </packages>
</coverage>