TpTrace Verbose: 0 : 19364, 1, 2024/03/20, 00:16:30.819, 85486965139, vstest.console.dll, Version: 17.9.0-release-24072-02 Current process architecture: X64
TpTrace Verbose: 0 : 19364, 1, 2024/03/20, 00:16:30.825, 85487024841, vstest.console.dll, Runtime location: C:\Program Files\dotnet\shared\Microsoft.NETCore.App\8.0.3
TpTrace Verbose: 0 : 19364, 1, 2024/03/20, 00:16:30.838, 85487155020, vstest.console.dll, ArtifactProcessingPostProcessModeProcessorExecutor.Initialize: ArtifactProcessingMode.Collect
TpTrace Verbose: 0 : 19364, 1, 2024/03/20, 00:16:30.839, 85487158876, vstest.console.dll, TestSessionCorrelationIdProcessorModeProcessorExecutor.Initialize: TestSessionCorrelationId '15900_40a88f78-47b5-46a8-b07f-a7db123d7d9b'
TpTrace Information: 0 : 19364, 1, 2024/03/20, 00:16:30.856, 85487332257, vstest.console.dll, FilePatternParser: The given file C:\Users\vampy\OneDrive\Рабочий стол\6сем\TiOPO\LR1\CodePasswordDLL.Test\bin\Debug\net8.0\fine-code-coverage\build-output\CodePasswordDLL.Test.dll is a full path.
TpTrace Verbose: 0 : 19364, 1, 2024/03/20, 00:16:30.875, 85487524038, vstest.console.dll, TestPluginCache.DiscoverTestExtensions: finding test extensions in assemblies ends with: RuntimeProvider.dll TPluginInfo: Microsoft.VisualStudio.TestPlatform.Common.ExtensionFramework.Utilities.TestRuntimePluginInformation TExtension: Microsoft.VisualStudio.TestPlatform.ObjectModel.Host.ITestRuntimeProvider
TpTrace Verbose: 0 : 19364, 1, 2024/03/20, 00:16:30.877, 85487543172, vstest.console.dll, TestPluginCache.GetExtensionPaths: Filtered extension paths: 
TpTrace Verbose: 0 : 19364, 1, 2024/03/20, 00:16:30.877, 85487544900, vstest.console.dll, TestPluginCache.GetExtensionPaths: Added default extension paths: C:\Program Files\dotnet\sdk\8.0.202\Extensions\Microsoft.Diagnostics.NETCore.Client.dll
C:\Program Files\dotnet\sdk\8.0.202\Extensions\Microsoft.TestPlatform.Extensions.BlameDataCollector.dll
C:\Program Files\dotnet\sdk\8.0.202\Extensions\Microsoft.TestPlatform.Extensions.EventLogCollector.dll
C:\Program Files\dotnet\sdk\8.0.202\Extensions\Microsoft.TestPlatform.TestHostRuntimeProvider.dll
C:\Program Files\dotnet\sdk\8.0.202\Extensions\Microsoft.VisualStudio.TestPlatform.Extensions.Html.TestLogger.dll
C:\Program Files\dotnet\sdk\8.0.202\Extensions\Microsoft.VisualStudio.TestPlatform.Extensions.Trx.TestLogger.dll
TpTrace Verbose: 0 : 19364, 1, 2024/03/20, 00:16:30.877, 85487545155, vstest.console.dll, TestPluginCache.GetExtensionPaths: Added unfilterableExtensionPaths: 
TpTrace Information: 0 : 19364, 1, 2024/03/20, 00:16:30.879, 85487556408, vstest.console.dll, AssemblyResolver.ctor: Creating AssemblyResolver with searchDirectories C:\Program Files\dotnet\sdk\8.0.202\Extensions,C:\Program Files\dotnet\sdk\8.0.202
TpTrace Verbose: 0 : 19364, 1, 2024/03/20, 00:16:30.880, 85487574844, vstest.console.dll, TestPluginCache.DiscoverTestExtensions: Discovering the extensions using extension path.
TpTrace Verbose: 0 : 19364, 1, 2024/03/20, 00:16:30.881, 85487578240, vstest.console.dll, TestPluginCache.GetExtensionPaths: Filtered extension paths: 
TpTrace Verbose: 0 : 19364, 1, 2024/03/20, 00:16:30.881, 85487579179, vstest.console.dll, TestPluginCache.GetExtensionPaths: Added default extension paths: C:\Program Files\dotnet\sdk\8.0.202\Extensions\Microsoft.Diagnostics.NETCore.Client.dll
C:\Program Files\dotnet\sdk\8.0.202\Extensions\Microsoft.TestPlatform.Extensions.BlameDataCollector.dll
C:\Program Files\dotnet\sdk\8.0.202\Extensions\Microsoft.TestPlatform.Extensions.EventLogCollector.dll
C:\Program Files\dotnet\sdk\8.0.202\Extensions\Microsoft.TestPlatform.TestHostRuntimeProvider.dll
C:\Program Files\dotnet\sdk\8.0.202\Extensions\Microsoft.VisualStudio.TestPlatform.Extensions.Html.TestLogger.dll
C:\Program Files\dotnet\sdk\8.0.202\Extensions\Microsoft.VisualStudio.TestPlatform.Extensions.Trx.TestLogger.dll
TpTrace Verbose: 0 : 19364, 1, 2024/03/20, 00:16:30.881, 85487579601, vstest.console.dll, TestPluginCache.GetExtensionPaths: Added unfilterableExtensionPaths: 
TpTrace Verbose: 0 : 19364, 1, 2024/03/20, 00:16:30.881, 85487580407, vstest.console.dll, TestPluginCache.DiscoverTestExtensions: Discovering the extensions using allExtensionPaths: C:\Program Files\dotnet\sdk\8.0.202\Extensions\Microsoft.Diagnostics.NETCore.Client.dll
C:\Program Files\dotnet\sdk\8.0.202\Extensions\Microsoft.TestPlatform.Extensions.BlameDataCollector.dll
C:\Program Files\dotnet\sdk\8.0.202\Extensions\Microsoft.TestPlatform.Extensions.EventLogCollector.dll
C:\Program Files\dotnet\sdk\8.0.202\Extensions\Microsoft.TestPlatform.TestHostRuntimeProvider.dll
C:\Program Files\dotnet\sdk\8.0.202\Extensions\Microsoft.VisualStudio.TestPlatform.Extensions.Html.TestLogger.dll
C:\Program Files\dotnet\sdk\8.0.202\Extensions\Microsoft.VisualStudio.TestPlatform.Extensions.Trx.TestLogger.dll
TpTrace Information: 0 : 19364, 1, 2024/03/20, 00:16:30.881, 85487582948, vstest.console.dll, AssemblyResolver.AddSearchDirectories: Adding more searchDirectories C:\Program Files\dotnet\sdk\8.0.202\Extensions,C:\Program Files\dotnet\sdk\8.0.202
TpTrace Information: 0 : 19364, 1, 2024/03/20, 00:16:30.881, 85487583796, vstest.console.dll, AssemblyResolver.AddSearchDirectories: Adding more searchDirectories C:\Program Files\dotnet\sdk\8.0.202\Extensions,C:\Program Files\dotnet\sdk\8.0.202
TpTrace Information: 0 : 19364, 1, 2024/03/20, 00:16:30.881, 85487584054, vstest.console.dll, AssemblyResolver.AddSearchDirectories: Adding more searchDirectories C:\Program Files\dotnet\sdk\8.0.202\Extensions,C:\Program Files\dotnet\sdk\8.0.202
TpTrace Information: 0 : 19364, 1, 2024/03/20, 00:16:30.881, 85487584453, vstest.console.dll, AssemblyResolver.AddSearchDirectories: Adding more searchDirectories C:\Program Files\dotnet\sdk\8.0.202\Extensions,C:\Program Files\dotnet\sdk\8.0.202
TpTrace Information: 0 : 19364, 1, 2024/03/20, 00:16:30.881, 85487584755, vstest.console.dll, AssemblyResolver.AddSearchDirectories: Adding more searchDirectories C:\Program Files\dotnet\sdk\8.0.202\Extensions,C:\Program Files\dotnet\sdk\8.0.202
TpTrace Information: 0 : 19364, 1, 2024/03/20, 00:16:30.881, 85487585024, vstest.console.dll, AssemblyResolver.AddSearchDirectories: Adding more searchDirectories C:\Program Files\dotnet\sdk\8.0.202\Extensions,C:\Program Files\dotnet\sdk\8.0.202
TpTrace Information: 0 : 19364, 1, 2024/03/20, 00:16:30.882, 85487593317, vstest.console.dll, AssemblyResolver.OnResolve: Microsoft.Diagnostics.NETCore.Client: Resolving assembly.
TpTrace Information: 0 : 19364, 1, 2024/03/20, 00:16:30.883, 85487595785, vstest.console.dll, AssemblyResolver.OnResolve: Microsoft.Diagnostics.NETCore.Client: Searching in: 'C:\Program Files\dotnet\sdk\8.0.202\Extensions'.
TpTrace Information: 0 : 19364, 1, 2024/03/20, 00:16:30.893, 85487698358, vstest.console.dll, AssemblyResolver.OnResolve: Microsoft.Diagnostics.NETCore.Client: Loading assembly 'C:\Program Files\dotnet\sdk\8.0.202\Extensions\Microsoft.Diagnostics.NETCore.Client.dll'.
TpTrace Information: 0 : 19364, 1, 2024/03/20, 00:16:30.896, 85487735282, vstest.console.dll, AssemblyResolver.OnResolve: Resolved assembly: Microsoft.Diagnostics.NETCore.Client, from path: C:\Program Files\dotnet\sdk\8.0.202\Extensions\Microsoft.Diagnostics.NETCore.Client.dll
TpTrace Verbose: 0 : 19364, 1, 2024/03/20, 00:16:30.903, 85487798254, vstest.console.dll, MetadataReaderExtensionsHelper: Discovering extensions inside assembly 'Microsoft.Diagnostics.NETCore.Client, Version=0.2.9.2401, Culture=neutral, PublicKeyToken=31bf3856ad364e35' file path 'C:\Program Files\dotnet\sdk\8.0.202\Extensions\Microsoft.Diagnostics.NETCore.Client.dll'
TpTrace Information: 0 : 19364, 1, 2024/03/20, 00:16:30.909, 85487862096, vstest.console.dll, AssemblyResolver.OnResolve: Microsoft.Bcl.AsyncInterfaces: Resolving assembly.
TpTrace Information: 0 : 19364, 1, 2024/03/20, 00:16:30.909, 85487864668, vstest.console.dll, AssemblyResolver.OnResolve: Microsoft.Bcl.AsyncInterfaces: Searching in: 'C:\Program Files\dotnet\sdk\8.0.202\Extensions'.
TpTrace Information: 0 : 19364, 1, 2024/03/20, 00:16:30.910, 85487866267, vstest.console.dll, AssemblyResolver.OnResolve: Microsoft.Bcl.AsyncInterfaces: Assembly path does not exist: 'C:\Program Files\dotnet\sdk\8.0.202\Extensions\Microsoft.Bcl.AsyncInterfaces.dll', returning.
TpTrace Information: 0 : 19364, 1, 2024/03/20, 00:16:30.910, 85487867627, vstest.console.dll, AssemblyResolver.OnResolve: Microsoft.Bcl.AsyncInterfaces: Assembly path does not exist: 'C:\Program Files\dotnet\sdk\8.0.202\Extensions\Microsoft.Bcl.AsyncInterfaces.exe', returning.
TpTrace Information: 0 : 19364, 1, 2024/03/20, 00:16:30.910, 85487868037, vstest.console.dll, AssemblyResolver.OnResolve: Microsoft.Bcl.AsyncInterfaces: Searching in: 'C:\Program Files\dotnet\sdk\8.0.202'.
TpTrace Information: 0 : 19364, 1, 2024/03/20, 00:16:30.910, 85487868462, vstest.console.dll, AssemblyResolver.OnResolve: Microsoft.Bcl.AsyncInterfaces: Assembly path does not exist: 'C:\Program Files\dotnet\sdk\8.0.202\Microsoft.Bcl.AsyncInterfaces.dll', returning.
TpTrace Information: 0 : 19364, 1, 2024/03/20, 00:16:30.910, 85487868825, vstest.console.dll, AssemblyResolver.OnResolve: Microsoft.Bcl.AsyncInterfaces: Assembly path does not exist: 'C:\Program Files\dotnet\sdk\8.0.202\Microsoft.Bcl.AsyncInterfaces.exe', returning.
TpTrace Information: 0 : 19364, 1, 2024/03/20, 00:16:30.910, 85487869114, vstest.console.dll, AssemblyResolver.OnResolve: Microsoft.Bcl.AsyncInterfaces: Failed to load assembly.
TpTrace Verbose: 0 : 19364, 1, 2024/03/20, 00:16:30.910, 85487869654, vstest.console.dll, CurrentDomainAssemblyResolve: Resolving assembly 'Microsoft.Bcl.AsyncInterfaces'.
TpTrace Information: 0 : 19364, 1, 2024/03/20, 00:16:30.910, 85487870634, vstest.console.dll, AssemblyResolver.OnResolve: Microsoft.Bcl.AsyncInterfaces: Resolving assembly.
TpTrace Information: 0 : 19364, 1, 2024/03/20, 00:16:30.910, 85487871106, vstest.console.dll, AssemblyResolver.OnResolve: Microsoft.Bcl.AsyncInterfaces: Resolved from cache.
TpTrace Verbose: 0 : 19364, 1, 2024/03/20, 00:16:30.910, 85487871352, vstest.console.dll, CurrentDomainAssemblyResolve: Resolving assembly 'Microsoft.Bcl.AsyncInterfaces'.
TpTrace Verbose: 0 : 19364, 1, 2024/03/20, 00:16:30.910, 85487871696, vstest.console.dll, CurrentDomainAssemblyResolve: Failed to resolve assembly 'Microsoft.Bcl.AsyncInterfaces'.
TpTrace Verbose: 0 : 19364, 1, 2024/03/20, 00:16:30.918, 85487951777, vstest.console.dll, CurrentDomainAssemblyResolve: Failed to resolve assembly 'Microsoft.Bcl.AsyncInterfaces'.
TpTrace Warning: 0 : 19364, 1, 2024/03/20, 00:16:30.948, 85488245793, vstest.console.dll, TestPluginDiscoverer: Failed to get types from assembly 'Microsoft.Diagnostics.NETCore.Client, Version=0.2.9.2401, Culture=neutral, PublicKeyToken=31bf3856ad364e35'. Error: System.Reflection.ReflectionTypeLoadException: Unable to load one or more of the requested types.
Could not load file or assembly 'Microsoft.Bcl.AsyncInterfaces, Version=6.0.0.0, Culture=neutral, PublicKeyToken=cc7b13ffcd2ddd51'. Не удается найти указанный файл.
   at System.Reflection.RuntimeModule.GetTypes(RuntimeModule module)
   at System.Reflection.RuntimeModule.GetTypes()
   at Microsoft.VisualStudio.TestPlatform.Common.ExtensionFramework.TestPluginDiscoverer.GetTestExtensionsFromAssembly[TPluginInfo,TExtension](Assembly assembly, Dictionary`2 pluginInfos, String filePath) in /_/src/Microsoft.TestPlatform.Common/ExtensionFramework/TestPluginDiscoverer.cs:line 158
System.IO.FileNotFoundException: Could not load file or assembly 'Microsoft.Bcl.AsyncInterfaces, Version=6.0.0.0, Culture=neutral, PublicKeyToken=cc7b13ffcd2ddd51'. Не удается найти указанный файл.
File name: 'Microsoft.Bcl.AsyncInterfaces, Version=6.0.0.0, Culture=neutral, PublicKeyToken=cc7b13ffcd2ddd51'
 ---> System.IO.FileNotFoundException: Could not load file or assembly 'Microsoft.Bcl.AsyncInterfaces, Culture=neutral, PublicKeyToken=null'. Не удается найти указанный файл.
File name: 'Microsoft.Bcl.AsyncInterfaces, Culture=neutral, PublicKeyToken=null'
   at System.Reflection.RuntimeAssembly.InternalLoad(AssemblyName assemblyName, StackCrawlMark& stackMark, AssemblyLoadContext assemblyLoadContext, RuntimeAssembly requestingAssembly, Boolean throwOnFileNotFound)
   at System.Reflection.Assembly.Load(AssemblyName assemblyRef)
   at Microsoft.VisualStudio.TestPlatform.Common.ExtensionFramework.TestPluginCache.CurrentDomainAssemblyResolve(Object sender, AssemblyResolveEventArgs args) in /_/src/Microsoft.TestPlatform.Common/ExtensionFramework/TestPluginCache.cs:line 513
   at System.Runtime.Loader.AssemblyLoadContext.GetFirstResolvedAssemblyFromResolvingEvent(AssemblyName assemblyName)
   at System.Runtime.Loader.AssemblyLoadContext.ResolveUsingEvent(AssemblyName assemblyName)
   at System.Runtime.Loader.AssemblyLoadContext.ResolveUsingResolvingEvent(IntPtr gchManagedAssemblyLoadContext, AssemblyName assemblyName)
TpTrace Warning: 0 : 19364, 1, 2024/03/20, 00:16:30.948, 85488251817, vstest.console.dll, LoaderExceptions: System.IO.FileNotFoundException: Could not load file or assembly 'Microsoft.Bcl.AsyncInterfaces, Version=6.0.0.0, Culture=neutral, PublicKeyToken=cc7b13ffcd2ddd51'. Не удается найти указанный файл.
File name: 'Microsoft.Bcl.AsyncInterfaces, Version=6.0.0.0, Culture=neutral, PublicKeyToken=cc7b13ffcd2ddd51'
 ---> System.IO.FileNotFoundException: Could not load file or assembly 'Microsoft.Bcl.AsyncInterfaces, Culture=neutral, PublicKeyToken=null'. Не удается найти указанный файл.
File name: 'Microsoft.Bcl.AsyncInterfaces, Culture=neutral, PublicKeyToken=null'
   at System.Reflection.RuntimeAssembly.InternalLoad(AssemblyName assemblyName, StackCrawlMark& stackMark, AssemblyLoadContext assemblyLoadContext, RuntimeAssembly requestingAssembly, Boolean throwOnFileNotFound)
   at System.Reflection.Assembly.Load(AssemblyName assemblyRef)
   at Microsoft.VisualStudio.TestPlatform.Common.ExtensionFramework.TestPluginCache.CurrentDomainAssemblyResolve(Object sender, AssemblyResolveEventArgs args) in /_/src/Microsoft.TestPlatform.Common/ExtensionFramework/TestPluginCache.cs:line 513
   at System.Runtime.Loader.AssemblyLoadContext.GetFirstResolvedAssemblyFromResolvingEvent(AssemblyName assemblyName)
   at System.Runtime.Loader.AssemblyLoadContext.ResolveUsingEvent(AssemblyName assemblyName)
   at System.Runtime.Loader.AssemblyLoadContext.ResolveUsingResolvingEvent(IntPtr gchManagedAssemblyLoadContext, AssemblyName assemblyName)
TpTrace Information: 0 : 19364, 1, 2024/03/20, 00:16:30.948, 85488254368, vstest.console.dll, AssemblyResolver.OnResolve: Microsoft.TestPlatform.Extensions.BlameDataCollector: Resolving assembly.
TpTrace Information: 0 : 19364, 1, 2024/03/20, 00:16:30.948, 85488254950, vstest.console.dll, AssemblyResolver.OnResolve: Microsoft.TestPlatform.Extensions.BlameDataCollector: Searching in: 'C:\Program Files\dotnet\sdk\8.0.202\Extensions'.
TpTrace Information: 0 : 19364, 1, 2024/03/20, 00:16:30.950, 85488265842, vstest.console.dll, AssemblyResolver.OnResolve: Microsoft.TestPlatform.Extensions.BlameDataCollector: Loading assembly 'C:\Program Files\dotnet\sdk\8.0.202\Extensions\Microsoft.TestPlatform.Extensions.BlameDataCollector.dll'.
TpTrace Information: 0 : 19364, 1, 2024/03/20, 00:16:30.951, 85488278633, vstest.console.dll, AssemblyResolver.OnResolve: Resolved assembly: Microsoft.TestPlatform.Extensions.BlameDataCollector, from path: C:\Program Files\dotnet\sdk\8.0.202\Extensions\Microsoft.TestPlatform.Extensions.BlameDataCollector.dll
TpTrace Verbose: 0 : 19364, 1, 2024/03/20, 00:16:30.951, 85488280206, vstest.console.dll, MetadataReaderExtensionsHelper: Discovering extensions inside assembly 'Microsoft.TestPlatform.Extensions.BlameDataCollector, Version=15.0.0.0, Culture=neutral, PublicKeyToken=b03f5f7f11d50a3a' file path 'C:\Program Files\dotnet\sdk\8.0.202\Extensions\Microsoft.TestPlatform.Extensions.BlameDataCollector.dll'
TpTrace Information: 0 : 19364, 1, 2024/03/20, 00:16:30.954, 85488310225, vstest.console.dll, AssemblyResolver.OnResolve: Microsoft.TestPlatform.Extensions.EventLogCollector: Resolving assembly.
TpTrace Information: 0 : 19364, 1, 2024/03/20, 00:16:30.954, 85488311725, vstest.console.dll, AssemblyResolver.OnResolve: Microsoft.TestPlatform.Extensions.EventLogCollector: Searching in: 'C:\Program Files\dotnet\sdk\8.0.202\Extensions'.
TpTrace Information: 0 : 19364, 1, 2024/03/20, 00:16:30.955, 85488322114, vstest.console.dll, AssemblyResolver.OnResolve: Microsoft.TestPlatform.Extensions.EventLogCollector: Loading assembly 'C:\Program Files\dotnet\sdk\8.0.202\Extensions\Microsoft.TestPlatform.Extensions.EventLogCollector.dll'.
TpTrace Information: 0 : 19364, 1, 2024/03/20, 00:16:30.956, 85488332690, vstest.console.dll, AssemblyResolver.OnResolve: Resolved assembly: Microsoft.TestPlatform.Extensions.EventLogCollector, from path: C:\Program Files\dotnet\sdk\8.0.202\Extensions\Microsoft.TestPlatform.Extensions.EventLogCollector.dll
TpTrace Verbose: 0 : 19364, 1, 2024/03/20, 00:16:30.956, 85488334652, vstest.console.dll, MetadataReaderExtensionsHelper: Discovering extensions inside assembly 'Microsoft.TestPlatform.Extensions.EventLogCollector, Version=15.0.0.0, Culture=neutral, PublicKeyToken=b03f5f7f11d50a3a' file path 'C:\Program Files\dotnet\sdk\8.0.202\Extensions\Microsoft.TestPlatform.Extensions.EventLogCollector.dll'
TpTrace Information: 0 : 19364, 1, 2024/03/20, 00:16:30.963, 85488400511, vstest.console.dll, AssemblyResolver.OnResolve: Microsoft.TestPlatform.TestHostRuntimeProvider: Resolving assembly.
TpTrace Information: 0 : 19364, 1, 2024/03/20, 00:16:30.963, 85488403056, vstest.console.dll, AssemblyResolver.OnResolve: Microsoft.TestPlatform.TestHostRuntimeProvider: Searching in: 'C:\Program Files\dotnet\sdk\8.0.202\Extensions'.
TpTrace Information: 0 : 19364, 1, 2024/03/20, 00:16:30.964, 85488412827, vstest.console.dll, AssemblyResolver.OnResolve: Microsoft.TestPlatform.TestHostRuntimeProvider: Loading assembly 'C:\Program Files\dotnet\sdk\8.0.202\Extensions\Microsoft.TestPlatform.TestHostRuntimeProvider.dll'.
TpTrace Information: 0 : 19364, 1, 2024/03/20, 00:16:30.966, 85488432196, vstest.console.dll, AssemblyResolver.OnResolve: Resolved assembly: Microsoft.TestPlatform.TestHostRuntimeProvider, from path: C:\Program Files\dotnet\sdk\8.0.202\Extensions\Microsoft.TestPlatform.TestHostRuntimeProvider.dll
TpTrace Verbose: 0 : 19364, 1, 2024/03/20, 00:16:30.966, 85488433794, vstest.console.dll, MetadataReaderExtensionsHelper: Discovering extensions inside assembly 'Microsoft.TestPlatform.TestHostRuntimeProvider, Version=15.0.0.0, Culture=neutral, PublicKeyToken=b03f5f7f11d50a3a' file path 'C:\Program Files\dotnet\sdk\8.0.202\Extensions\Microsoft.TestPlatform.TestHostRuntimeProvider.dll'
TpTrace Information: 0 : 19364, 1, 2024/03/20, 00:16:30.969, 85488464388, vstest.console.dll, GetTestExtensionFromType: Register extension with identifier data 'HostProvider://DefaultTestHost' and type 'Microsoft.VisualStudio.TestPlatform.CrossPlatEngine.Hosting.DefaultTestHostManager, Microsoft.TestPlatform.TestHostRuntimeProvider, Version=15.0.0.0, Culture=neutral, PublicKeyToken=b03f5f7f11d50a3a' inside file 'C:\Program Files\dotnet\sdk\8.0.202\Extensions\Microsoft.TestPlatform.TestHostRuntimeProvider.dll'
TpTrace Information: 0 : 19364, 1, 2024/03/20, 00:16:30.970, 85488471704, vstest.console.dll, GetTestExtensionFromType: Register extension with identifier data 'HostProvider://DotnetTestHost' and type 'Microsoft.VisualStudio.TestPlatform.CrossPlatEngine.Hosting.DotnetTestHostManager, Microsoft.TestPlatform.TestHostRuntimeProvider, Version=15.0.0.0, Culture=neutral, PublicKeyToken=b03f5f7f11d50a3a' inside file 'C:\Program Files\dotnet\sdk\8.0.202\Extensions\Microsoft.TestPlatform.TestHostRuntimeProvider.dll'
TpTrace Information: 0 : 19364, 1, 2024/03/20, 00:16:30.970, 85488473821, vstest.console.dll, AssemblyResolver.OnResolve: Microsoft.VisualStudio.TestPlatform.Extensions.Html.TestLogger: Resolving assembly.
TpTrace Information: 0 : 19364, 1, 2024/03/20, 00:16:30.970, 85488474404, vstest.console.dll, AssemblyResolver.OnResolve: Microsoft.VisualStudio.TestPlatform.Extensions.Html.TestLogger: Searching in: 'C:\Program Files\dotnet\sdk\8.0.202\Extensions'.
TpTrace Information: 0 : 19364, 1, 2024/03/20, 00:16:30.972, 85488485794, vstest.console.dll, AssemblyResolver.OnResolve: Microsoft.VisualStudio.TestPlatform.Extensions.Html.TestLogger: Loading assembly 'C:\Program Files\dotnet\sdk\8.0.202\Extensions\Microsoft.VisualStudio.TestPlatform.Extensions.Html.TestLogger.dll'.
TpTrace Information: 0 : 19364, 1, 2024/03/20, 00:16:30.974, 85488507370, vstest.console.dll, AssemblyResolver.OnResolve: Resolved assembly: Microsoft.VisualStudio.TestPlatform.Extensions.Html.TestLogger, from path: C:\Program Files\dotnet\sdk\8.0.202\Extensions\Microsoft.VisualStudio.TestPlatform.Extensions.Html.TestLogger.dll
TpTrace Verbose: 0 : 19364, 1, 2024/03/20, 00:16:30.974, 85488508880, vstest.console.dll, MetadataReaderExtensionsHelper: Discovering extensions inside assembly 'Microsoft.VisualStudio.TestPlatform.Extensions.Html.TestLogger, Version=15.0.0.0, Culture=neutral, PublicKeyToken=b03f5f7f11d50a3a' file path 'C:\Program Files\dotnet\sdk\8.0.202\Extensions\Microsoft.VisualStudio.TestPlatform.Extensions.Html.TestLogger.dll'
TpTrace Information: 0 : 19364, 1, 2024/03/20, 00:16:30.975, 85488522045, vstest.console.dll, AssemblyResolver.OnResolve: Microsoft.VisualStudio.TestPlatform.Extensions.Trx.TestLogger: Resolving assembly.
TpTrace Information: 0 : 19364, 1, 2024/03/20, 00:16:30.975, 85488523742, vstest.console.dll, AssemblyResolver.OnResolve: Microsoft.VisualStudio.TestPlatform.Extensions.Trx.TestLogger: Searching in: 'C:\Program Files\dotnet\sdk\8.0.202\Extensions'.
TpTrace Information: 0 : 19364, 1, 2024/03/20, 00:16:30.976, 85488534740, vstest.console.dll, AssemblyResolver.OnResolve: Microsoft.VisualStudio.TestPlatform.Extensions.Trx.TestLogger: Loading assembly 'C:\Program Files\dotnet\sdk\8.0.202\Extensions\Microsoft.VisualStudio.TestPlatform.Extensions.Trx.TestLogger.dll'.
TpTrace Information: 0 : 19364, 1, 2024/03/20, 00:16:30.979, 85488556292, vstest.console.dll, AssemblyResolver.OnResolve: Resolved assembly: Microsoft.VisualStudio.TestPlatform.Extensions.Trx.TestLogger, from path: C:\Program Files\dotnet\sdk\8.0.202\Extensions\Microsoft.VisualStudio.TestPlatform.Extensions.Trx.TestLogger.dll
TpTrace Verbose: 0 : 19364, 1, 2024/03/20, 00:16:30.979, 85488558693, vstest.console.dll, MetadataReaderExtensionsHelper: Discovering extensions inside assembly 'Microsoft.VisualStudio.TestPlatform.Extensions.Trx.TestLogger, Version=15.0.0.0, Culture=neutral, PublicKeyToken=b03f5f7f11d50a3a' file path 'C:\Program Files\dotnet\sdk\8.0.202\Extensions\Microsoft.VisualStudio.TestPlatform.Extensions.Trx.TestLogger.dll'
TpTrace Verbose: 0 : 19364, 1, 2024/03/20, 00:16:30.981, 85488582933, vstest.console.dll, TestPluginCache: Discovered the extensions using extension path ''.
TpTrace Verbose: 0 : 19364, 1, 2024/03/20, 00:16:30.981, 85488584809, vstest.console.dll, TestPluginCache: Discoverers are ''.
TpTrace Verbose: 0 : 19364, 1, 2024/03/20, 00:16:30.981, 85488585201, vstest.console.dll, TestPluginCache: Executors are ''.
TpTrace Verbose: 0 : 19364, 1, 2024/03/20, 00:16:30.982, 85488585827, vstest.console.dll, TestPluginCache: Executors2 are ''.
TpTrace Verbose: 0 : 19364, 1, 2024/03/20, 00:16:30.982, 85488586038, vstest.console.dll, TestPluginCache: Setting providers are ''.
TpTrace Verbose: 0 : 19364, 1, 2024/03/20, 00:16:30.982, 85488586374, vstest.console.dll, TestPluginCache: Loggers are ''.
TpTrace Verbose: 0 : 19364, 1, 2024/03/20, 00:16:30.982, 85488589578, vstest.console.dll, TestPluginCache: TestHosts are 'HostProvider://DefaultTestHost,HostProvider://DotnetTestHost'.
TpTrace Verbose: 0 : 19364, 1, 2024/03/20, 00:16:30.982, 85488590341, vstest.console.dll, TestPluginCache: DataCollectors are ''.
TpTrace Information: 0 : 19364, 1, 2024/03/20, 00:16:31.015, 85488920945, vstest.console.dll, RunTestsArgumentProcessor:Execute: Test run is starting.
TpTrace Verbose: 0 : 19364, 1, 2024/03/20, 00:16:31.015, 85488922270, vstest.console.dll, RunTestsArgumentProcessor:Execute: Queuing Test run.
TpTrace Information: 0 : 19364, 1, 2024/03/20, 00:16:31.015, 85488925189, vstest.console.dll, TestRequestManager.RunTests: run tests started.
TpTrace Information: 0 : 19364, 1, 2024/03/20, 00:16:31.017, 85488937283, vstest.console.dll, AssemblyMetadataProvider.GetFrameworkName: Determined framework:'.NETCoreApp,Version=v8.0' for source: 'C:\Users\vampy\OneDrive\Рабочий стол\6сем\TiOPO\LR1\CodePasswordDLL.Test\bin\Debug\net8.0\fine-code-coverage\build-output\CodePasswordDLL.Test.dll'
TpTrace Information: 0 : 19364, 1, 2024/03/20, 00:16:31.017, 85488938811, vstest.console.dll, Determined framework for all sources: .NETCoreApp,Version=v8.0
TpTrace Verbose: 0 : 19364, 1, 2024/03/20, 00:16:31.017, 85488942354, vstest.console.dll, TestRequestManager.UpdateRunSettingsIfRequired: Default architecture: X64 IsDefaultTargetArchitecture: True, Current process architecture: X64 OperatingSystem: Windows.
TpTrace Information: 0 : 19364, 1, 2024/03/20, 00:16:31.019, 85488956868, vstest.console.dll, AssemblyMetadataProvider.GetArchitecture: Determined architecture:AnyCPU info for assembly: C:\Users\vampy\OneDrive\Рабочий стол\6сем\TiOPO\LR1\CodePasswordDLL.Test\bin\Debug\net8.0\fine-code-coverage\build-output\CodePasswordDLL.Test.dll
TpTrace Information: 0 : 19364, 1, 2024/03/20, 00:16:31.019, 85488958347, vstest.console.dll, Determined platform for source 'C:\Users\vampy\OneDrive\Рабочий стол\6сем\TiOPO\LR1\CodePasswordDLL.Test\bin\Debug\net8.0\fine-code-coverage\build-output\CodePasswordDLL.Test.dll' was AnyCPU and it will use the default plaform X64.
TpTrace Information: 0 : 19364, 1, 2024/03/20, 00:16:31.019, 85488958572, vstest.console.dll, None of the sources provided any runnable platform, using the default platform: X64
TpTrace Information: 0 : 19364, 1, 2024/03/20, 00:16:31.019, 85488962799, vstest.console.dll, Platform was updated to 'X64'.
TpTrace Information: 0 : 19364, 1, 2024/03/20, 00:16:31.027, 85489041987, vstest.console.dll, InferRunSettingsHelper.IsTestSettingsEnabled: Unable to navigate to RunSettings/MSTest. Current node: RunSettings
TpTrace Information: 0 : 19364, 1, 2024/03/20, 00:16:31.028, 85489049961, vstest.console.dll, AssemblyResolver.OnResolve: Microsoft.VisualStudio.TestPlatform.Fakes: Resolving assembly.
TpTrace Information: 0 : 19364, 1, 2024/03/20, 00:16:31.028, 85489052038, vstest.console.dll, AssemblyResolver.OnResolve: Microsoft.VisualStudio.TestPlatform.Fakes: Searching in: 'C:\Program Files\dotnet\sdk\8.0.202\Extensions'.
TpTrace Information: 0 : 19364, 1, 2024/03/20, 00:16:31.028, 85489053877, vstest.console.dll, AssemblyResolver.OnResolve: Microsoft.VisualStudio.TestPlatform.Fakes: Assembly path does not exist: 'C:\Program Files\dotnet\sdk\8.0.202\Extensions\Microsoft.VisualStudio.TestPlatform.Fakes.dll', returning.
TpTrace Information: 0 : 19364, 1, 2024/03/20, 00:16:31.028, 85489054276, vstest.console.dll, AssemblyResolver.OnResolve: Microsoft.VisualStudio.TestPlatform.Fakes: Assembly path does not exist: 'C:\Program Files\dotnet\sdk\8.0.202\Extensions\Microsoft.VisualStudio.TestPlatform.Fakes.exe', returning.
TpTrace Information: 0 : 19364, 1, 2024/03/20, 00:16:31.028, 85489054462, vstest.console.dll, AssemblyResolver.OnResolve: Microsoft.VisualStudio.TestPlatform.Fakes: Searching in: 'C:\Program Files\dotnet\sdk\8.0.202'.
TpTrace Information: 0 : 19364, 1, 2024/03/20, 00:16:31.028, 85489054983, vstest.console.dll, AssemblyResolver.OnResolve: Microsoft.VisualStudio.TestPlatform.Fakes: Assembly path does not exist: 'C:\Program Files\dotnet\sdk\8.0.202\Microsoft.VisualStudio.TestPlatform.Fakes.dll', returning.
TpTrace Information: 0 : 19364, 1, 2024/03/20, 00:16:31.028, 85489055307, vstest.console.dll, AssemblyResolver.OnResolve: Microsoft.VisualStudio.TestPlatform.Fakes: Assembly path does not exist: 'C:\Program Files\dotnet\sdk\8.0.202\Microsoft.VisualStudio.TestPlatform.Fakes.exe', returning.
TpTrace Information: 0 : 19364, 1, 2024/03/20, 00:16:31.029, 85489055482, vstest.console.dll, AssemblyResolver.OnResolve: Microsoft.VisualStudio.TestPlatform.Fakes: Failed to load assembly.
TpTrace Information: 0 : 19364, 1, 2024/03/20, 00:16:31.029, 85489059968, vstest.console.dll, Failed to load assembly Microsoft.VisualStudio.TestPlatform.Fakes, Version=17.0.0.0, Culture=neutral. Reason:System.IO.FileNotFoundException: Could not load file or assembly 'Microsoft.VisualStudio.TestPlatform.Fakes, Version=17.0.0.0, Culture=neutral, PublicKeyToken=null'. Не удается найти указанный файл.
File name: 'Microsoft.VisualStudio.TestPlatform.Fakes, Version=17.0.0.0, Culture=neutral, PublicKeyToken=null'
   at System.Reflection.RuntimeAssembly.InternalLoad(AssemblyName assemblyName, StackCrawlMark& stackMark, AssemblyLoadContext assemblyLoadContext, RuntimeAssembly requestingAssembly, Boolean throwOnFileNotFound)
   at System.Reflection.Assembly.Load(AssemblyName assemblyRef)
   at Microsoft.VisualStudio.TestPlatform.Common.Utilities.FakesUtilities.LoadTestPlatformAssembly() in /_/src/Microsoft.TestPlatform.Common/Utilities/FakesUtilities.cs:line 272
TpTrace Verbose: 0 : 19364, 1, 2024/03/20, 00:16:31.033, 85489102647, vstest.console.dll, TestPluginCache.DiscoverTestExtensions: finding test extensions in assemblies ends with: TestLogger.dll TPluginInfo: Microsoft.VisualStudio.TestPlatform.Common.ExtensionFramework.Utilities.TestLoggerPluginInformation TExtension: Microsoft.VisualStudio.TestPlatform.ObjectModel.Client.ITestLogger
TpTrace Verbose: 0 : 19364, 1, 2024/03/20, 00:16:31.033, 85489104479, vstest.console.dll, TestPluginCache.GetExtensionPaths: Filtered extension paths: 
TpTrace Verbose: 0 : 19364, 1, 2024/03/20, 00:16:31.033, 85489104843, vstest.console.dll, TestPluginCache.GetExtensionPaths: Added default extension paths: C:\Program Files\dotnet\sdk\8.0.202\Extensions\Microsoft.Diagnostics.NETCore.Client.dll
C:\Program Files\dotnet\sdk\8.0.202\Extensions\Microsoft.TestPlatform.Extensions.BlameDataCollector.dll
C:\Program Files\dotnet\sdk\8.0.202\Extensions\Microsoft.TestPlatform.Extensions.EventLogCollector.dll
C:\Program Files\dotnet\sdk\8.0.202\Extensions\Microsoft.TestPlatform.TestHostRuntimeProvider.dll
C:\Program Files\dotnet\sdk\8.0.202\Extensions\Microsoft.VisualStudio.TestPlatform.Extensions.Html.TestLogger.dll
C:\Program Files\dotnet\sdk\8.0.202\Extensions\Microsoft.VisualStudio.TestPlatform.Extensions.Trx.TestLogger.dll
TpTrace Verbose: 0 : 19364, 1, 2024/03/20, 00:16:31.033, 85489105026, vstest.console.dll, TestPluginCache.GetExtensionPaths: Added unfilterableExtensionPaths: 
TpTrace Information: 0 : 19364, 1, 2024/03/20, 00:16:31.034, 85489106657, vstest.console.dll, AssemblyResolver.AddSearchDirectories: Adding more searchDirectories C:\Program Files\dotnet\sdk\8.0.202\Extensions,C:\Program Files\dotnet\sdk\8.0.202
TpTrace Verbose: 0 : 19364, 1, 2024/03/20, 00:16:31.034, 85489107011, vstest.console.dll, TestPluginCache.DiscoverTestExtensions: Discovering the extensions using extension path.
TpTrace Verbose: 0 : 19364, 1, 2024/03/20, 00:16:31.034, 85489107262, vstest.console.dll, TestPluginCache.GetExtensionPaths: Filtered extension paths: 
TpTrace Verbose: 0 : 19364, 1, 2024/03/20, 00:16:31.034, 85489107525, vstest.console.dll, TestPluginCache.GetExtensionPaths: Added default extension paths: C:\Program Files\dotnet\sdk\8.0.202\Extensions\Microsoft.Diagnostics.NETCore.Client.dll
C:\Program Files\dotnet\sdk\8.0.202\Extensions\Microsoft.TestPlatform.Extensions.BlameDataCollector.dll
C:\Program Files\dotnet\sdk\8.0.202\Extensions\Microsoft.TestPlatform.Extensions.EventLogCollector.dll
C:\Program Files\dotnet\sdk\8.0.202\Extensions\Microsoft.TestPlatform.TestHostRuntimeProvider.dll
C:\Program Files\dotnet\sdk\8.0.202\Extensions\Microsoft.VisualStudio.TestPlatform.Extensions.Html.TestLogger.dll
C:\Program Files\dotnet\sdk\8.0.202\Extensions\Microsoft.VisualStudio.TestPlatform.Extensions.Trx.TestLogger.dll
TpTrace Verbose: 0 : 19364, 1, 2024/03/20, 00:16:31.034, 85489107722, vstest.console.dll, TestPluginCache.GetExtensionPaths: Added unfilterableExtensionPaths: 
TpTrace Verbose: 0 : 19364, 1, 2024/03/20, 00:16:31.034, 85489107944, vstest.console.dll, TestPluginCache.DiscoverTestExtensions: Discovering the extensions using allExtensionPaths: C:\Program Files\dotnet\sdk\8.0.202\Extensions\Microsoft.Diagnostics.NETCore.Client.dll
C:\Program Files\dotnet\sdk\8.0.202\Extensions\Microsoft.TestPlatform.Extensions.BlameDataCollector.dll
C:\Program Files\dotnet\sdk\8.0.202\Extensions\Microsoft.TestPlatform.Extensions.EventLogCollector.dll
C:\Program Files\dotnet\sdk\8.0.202\Extensions\Microsoft.TestPlatform.TestHostRuntimeProvider.dll
C:\Program Files\dotnet\sdk\8.0.202\Extensions\Microsoft.VisualStudio.TestPlatform.Extensions.Html.TestLogger.dll
C:\Program Files\dotnet\sdk\8.0.202\Extensions\Microsoft.VisualStudio.TestPlatform.Extensions.Trx.TestLogger.dll
TpTrace Information: 0 : 19364, 1, 2024/03/20, 00:16:31.034, 85489108823, vstest.console.dll, AssemblyResolver.AddSearchDirectories: Adding more searchDirectories C:\Program Files\dotnet\sdk\8.0.202\Extensions,C:\Program Files\dotnet\sdk\8.0.202
TpTrace Information: 0 : 19364, 1, 2024/03/20, 00:16:31.034, 85489109123, vstest.console.dll, AssemblyResolver.AddSearchDirectories: Adding more searchDirectories C:\Program Files\dotnet\sdk\8.0.202\Extensions,C:\Program Files\dotnet\sdk\8.0.202
TpTrace Information: 0 : 19364, 1, 2024/03/20, 00:16:31.034, 85489109310, vstest.console.dll, AssemblyResolver.AddSearchDirectories: Adding more searchDirectories C:\Program Files\dotnet\sdk\8.0.202\Extensions,C:\Program Files\dotnet\sdk\8.0.202
TpTrace Information: 0 : 19364, 1, 2024/03/20, 00:16:31.034, 85489109487, vstest.console.dll, AssemblyResolver.AddSearchDirectories: Adding more searchDirectories C:\Program Files\dotnet\sdk\8.0.202\Extensions,C:\Program Files\dotnet\sdk\8.0.202
TpTrace Information: 0 : 19364, 1, 2024/03/20, 00:16:31.034, 85489109665, vstest.console.dll, AssemblyResolver.AddSearchDirectories: Adding more searchDirectories C:\Program Files\dotnet\sdk\8.0.202\Extensions,C:\Program Files\dotnet\sdk\8.0.202
TpTrace Information: 0 : 19364, 1, 2024/03/20, 00:16:31.034, 85489109879, vstest.console.dll, AssemblyResolver.AddSearchDirectories: Adding more searchDirectories C:\Program Files\dotnet\sdk\8.0.202\Extensions,C:\Program Files\dotnet\sdk\8.0.202
TpTrace Verbose: 0 : 19364, 1, 2024/03/20, 00:16:31.034, 85489110966, vstest.console.dll, MetadataReaderExtensionsHelper: Discovering extensions inside assembly 'Microsoft.Diagnostics.NETCore.Client, Version=0.2.9.2401, Culture=neutral, PublicKeyToken=31bf3856ad364e35' file path 'C:\Program Files\dotnet\sdk\8.0.202\Extensions\Microsoft.Diagnostics.NETCore.Client.dll'
TpTrace Information: 0 : 19364, 1, 2024/03/20, 00:16:31.035, 85489120373, vstest.console.dll, AssemblyResolver.OnResolve: Microsoft.Bcl.AsyncInterfaces: Resolving assembly.
TpTrace Information: 0 : 19364, 1, 2024/03/20, 00:16:31.035, 85489121520, vstest.console.dll, AssemblyResolver.OnResolve: Microsoft.Bcl.AsyncInterfaces: Resolved from cache.
TpTrace Verbose: 0 : 19364, 1, 2024/03/20, 00:16:31.035, 85489121838, vstest.console.dll, CurrentDomainAssemblyResolve: Resolving assembly 'Microsoft.Bcl.AsyncInterfaces'.
TpTrace Information: 0 : 19364, 1, 2024/03/20, 00:16:31.035, 85489122281, vstest.console.dll, AssemblyResolver.OnResolve: Microsoft.Bcl.AsyncInterfaces: Resolving assembly.
TpTrace Information: 0 : 19364, 1, 2024/03/20, 00:16:31.035, 85489122477, vstest.console.dll, AssemblyResolver.OnResolve: Microsoft.Bcl.AsyncInterfaces: Resolved from cache.
TpTrace Verbose: 0 : 19364, 1, 2024/03/20, 00:16:31.035, 85489122636, vstest.console.dll, CurrentDomainAssemblyResolve: Resolving assembly 'Microsoft.Bcl.AsyncInterfaces'.
TpTrace Verbose: 0 : 19364, 1, 2024/03/20, 00:16:31.035, 85489122791, vstest.console.dll, CurrentDomainAssemblyResolve: Failed to resolve assembly 'Microsoft.Bcl.AsyncInterfaces'.
TpTrace Verbose: 0 : 19364, 1, 2024/03/20, 00:16:31.035, 85489124126, vstest.console.dll, CurrentDomainAssemblyResolve: Failed to resolve assembly 'Microsoft.Bcl.AsyncInterfaces'.
TpTrace Warning: 0 : 19364, 1, 2024/03/20, 00:16:31.036, 85489127365, vstest.console.dll, TestPluginDiscoverer: Failed to get types from assembly 'Microsoft.Diagnostics.NETCore.Client, Version=0.2.9.2401, Culture=neutral, PublicKeyToken=31bf3856ad364e35'. Error: System.Reflection.ReflectionTypeLoadException: Unable to load one or more of the requested types.
Could not load file or assembly 'Microsoft.Bcl.AsyncInterfaces, Version=6.0.0.0, Culture=neutral, PublicKeyToken=cc7b13ffcd2ddd51'. Не удается найти указанный файл.
   at System.Reflection.RuntimeModule.GetTypes(RuntimeModule module)
   at System.Reflection.RuntimeModule.GetTypes()
   at Microsoft.VisualStudio.TestPlatform.Common.ExtensionFramework.TestPluginDiscoverer.GetTestExtensionsFromAssembly[TPluginInfo,TExtension](Assembly assembly, Dictionary`2 pluginInfos, String filePath) in /_/src/Microsoft.TestPlatform.Common/ExtensionFramework/TestPluginDiscoverer.cs:line 158
System.IO.FileNotFoundException: Could not load file or assembly 'Microsoft.Bcl.AsyncInterfaces, Version=6.0.0.0, Culture=neutral, PublicKeyToken=cc7b13ffcd2ddd51'. Не удается найти указанный файл.
File name: 'Microsoft.Bcl.AsyncInterfaces, Version=6.0.0.0, Culture=neutral, PublicKeyToken=cc7b13ffcd2ddd51'
 ---> System.IO.FileNotFoundException: Could not load file or assembly 'Microsoft.Bcl.AsyncInterfaces, Culture=neutral, PublicKeyToken=null'. Не удается найти указанный файл.
File name: 'Microsoft.Bcl.AsyncInterfaces, Culture=neutral, PublicKeyToken=null'
   at System.Reflection.RuntimeAssembly.InternalLoad(AssemblyName assemblyName, StackCrawlMark& stackMark, AssemblyLoadContext assemblyLoadContext, RuntimeAssembly requestingAssembly, Boolean throwOnFileNotFound)
   at System.Reflection.Assembly.Load(AssemblyName assemblyRef)
   at Microsoft.VisualStudio.TestPlatform.Common.ExtensionFramework.TestPluginCache.CurrentDomainAssemblyResolve(Object sender, AssemblyResolveEventArgs args) in /_/src/Microsoft.TestPlatform.Common/ExtensionFramework/TestPluginCache.cs:line 513
   at System.Runtime.Loader.AssemblyLoadContext.GetFirstResolvedAssemblyFromResolvingEvent(AssemblyName assemblyName)
   at System.Runtime.Loader.AssemblyLoadContext.ResolveUsingEvent(AssemblyName assemblyName)
   at System.Runtime.Loader.AssemblyLoadContext.ResolveUsingResolvingEvent(IntPtr gchManagedAssemblyLoadContext, AssemblyName assemblyName)
TpTrace Warning: 0 : 19364, 1, 2024/03/20, 00:16:31.036, 85489129072, vstest.console.dll, LoaderExceptions: System.IO.FileNotFoundException: Could not load file or assembly 'Microsoft.Bcl.AsyncInterfaces, Version=6.0.0.0, Culture=neutral, PublicKeyToken=cc7b13ffcd2ddd51'. Не удается найти указанный файл.
File name: 'Microsoft.Bcl.AsyncInterfaces, Version=6.0.0.0, Culture=neutral, PublicKeyToken=cc7b13ffcd2ddd51'
 ---> System.IO.FileNotFoundException: Could not load file or assembly 'Microsoft.Bcl.AsyncInterfaces, Culture=neutral, PublicKeyToken=null'. Не удается найти указанный файл.
File name: 'Microsoft.Bcl.AsyncInterfaces, Culture=neutral, PublicKeyToken=null'
   at System.Reflection.RuntimeAssembly.InternalLoad(AssemblyName assemblyName, StackCrawlMark& stackMark, AssemblyLoadContext assemblyLoadContext, RuntimeAssembly requestingAssembly, Boolean throwOnFileNotFound)
   at System.Reflection.Assembly.Load(AssemblyName assemblyRef)
   at Microsoft.VisualStudio.TestPlatform.Common.ExtensionFramework.TestPluginCache.CurrentDomainAssemblyResolve(Object sender, AssemblyResolveEventArgs args) in /_/src/Microsoft.TestPlatform.Common/ExtensionFramework/TestPluginCache.cs:line 513
   at System.Runtime.Loader.AssemblyLoadContext.GetFirstResolvedAssemblyFromResolvingEvent(AssemblyName assemblyName)
   at System.Runtime.Loader.AssemblyLoadContext.ResolveUsingEvent(AssemblyName assemblyName)
   at System.Runtime.Loader.AssemblyLoadContext.ResolveUsingResolvingEvent(IntPtr gchManagedAssemblyLoadContext, AssemblyName assemblyName)
TpTrace Verbose: 0 : 19364, 1, 2024/03/20, 00:16:31.036, 85489129729, vstest.console.dll, MetadataReaderExtensionsHelper: Discovering extensions inside assembly 'Microsoft.TestPlatform.Extensions.BlameDataCollector, Version=15.0.0.0, Culture=neutral, PublicKeyToken=b03f5f7f11d50a3a' file path 'C:\Program Files\dotnet\sdk\8.0.202\Extensions\Microsoft.TestPlatform.Extensions.BlameDataCollector.dll'
TpTrace Information: 0 : 19364, 1, 2024/03/20, 00:16:31.036, 85489134066, vstest.console.dll, GetTestExtensionFromType: Register extension with identifier data 'logger://Microsoft/TestPlatform/Extensions/Blame/v1' and type 'Microsoft.TestPlatform.Extensions.BlameDataCollector.BlameLogger, Microsoft.TestPlatform.Extensions.BlameDataCollector, Version=15.0.0.0, Culture=neutral, PublicKeyToken=b03f5f7f11d50a3a' inside file 'C:\Program Files\dotnet\sdk\8.0.202\Extensions\Microsoft.TestPlatform.Extensions.BlameDataCollector.dll'
TpTrace Verbose: 0 : 19364, 1, 2024/03/20, 00:16:31.036, 85489134651, vstest.console.dll, MetadataReaderExtensionsHelper: Discovering extensions inside assembly 'Microsoft.TestPlatform.Extensions.EventLogCollector, Version=15.0.0.0, Culture=neutral, PublicKeyToken=b03f5f7f11d50a3a' file path 'C:\Program Files\dotnet\sdk\8.0.202\Extensions\Microsoft.TestPlatform.Extensions.EventLogCollector.dll'
TpTrace Verbose: 0 : 19364, 1, 2024/03/20, 00:16:31.037, 85489136819, vstest.console.dll, MetadataReaderExtensionsHelper: Discovering extensions inside assembly 'Microsoft.TestPlatform.TestHostRuntimeProvider, Version=15.0.0.0, Culture=neutral, PublicKeyToken=b03f5f7f11d50a3a' file path 'C:\Program Files\dotnet\sdk\8.0.202\Extensions\Microsoft.TestPlatform.TestHostRuntimeProvider.dll'
TpTrace Verbose: 0 : 19364, 1, 2024/03/20, 00:16:31.037, 85489138983, vstest.console.dll, MetadataReaderExtensionsHelper: Discovering extensions inside assembly 'Microsoft.VisualStudio.TestPlatform.Extensions.Html.TestLogger, Version=15.0.0.0, Culture=neutral, PublicKeyToken=b03f5f7f11d50a3a' file path 'C:\Program Files\dotnet\sdk\8.0.202\Extensions\Microsoft.VisualStudio.TestPlatform.Extensions.Html.TestLogger.dll'
TpTrace Information: 0 : 19364, 1, 2024/03/20, 00:16:31.037, 85489143443, vstest.console.dll, GetTestExtensionFromType: Register extension with identifier data 'logger://Microsoft/TestPlatform/HtmlLogger/v1' and type 'Microsoft.VisualStudio.TestPlatform.Extensions.HtmlLogger.HtmlLogger, Microsoft.VisualStudio.TestPlatform.Extensions.Html.TestLogger, Version=15.0.0.0, Culture=neutral, PublicKeyToken=b03f5f7f11d50a3a' inside file 'C:\Program Files\dotnet\sdk\8.0.202\Extensions\Microsoft.VisualStudio.TestPlatform.Extensions.Html.TestLogger.dll'
TpTrace Verbose: 0 : 19364, 1, 2024/03/20, 00:16:31.037, 85489144155, vstest.console.dll, MetadataReaderExtensionsHelper: Discovering extensions inside assembly 'Microsoft.VisualStudio.TestPlatform.Extensions.Trx.TestLogger, Version=15.0.0.0, Culture=neutral, PublicKeyToken=b03f5f7f11d50a3a' file path 'C:\Program Files\dotnet\sdk\8.0.202\Extensions\Microsoft.VisualStudio.TestPlatform.Extensions.Trx.TestLogger.dll'
TpTrace Information: 0 : 19364, 1, 2024/03/20, 00:16:31.038, 85489146991, vstest.console.dll, GetTestExtensionFromType: Register extension with identifier data 'logger://Microsoft/TestPlatform/TrxLogger/v1' and type 'Microsoft.VisualStudio.TestPlatform.Extensions.TrxLogger.TrxLogger, Microsoft.VisualStudio.TestPlatform.Extensions.Trx.TestLogger, Version=15.0.0.0, Culture=neutral, PublicKeyToken=b03f5f7f11d50a3a' inside file 'C:\Program Files\dotnet\sdk\8.0.202\Extensions\Microsoft.VisualStudio.TestPlatform.Extensions.Trx.TestLogger.dll'
TpTrace Verbose: 0 : 19364, 1, 2024/03/20, 00:16:31.038, 85489147698, vstest.console.dll, TestPluginCache: Discovered the extensions using extension path ''.
TpTrace Verbose: 0 : 19364, 1, 2024/03/20, 00:16:31.038, 85489147933, vstest.console.dll, TestPluginCache: Discoverers are ''.
TpTrace Verbose: 0 : 19364, 1, 2024/03/20, 00:16:31.038, 85489148090, vstest.console.dll, TestPluginCache: Executors are ''.
TpTrace Verbose: 0 : 19364, 1, 2024/03/20, 00:16:31.038, 85489148241, vstest.console.dll, TestPluginCache: Executors2 are ''.
TpTrace Verbose: 0 : 19364, 1, 2024/03/20, 00:16:31.038, 85489148388, vstest.console.dll, TestPluginCache: Setting providers are ''.
TpTrace Verbose: 0 : 19364, 1, 2024/03/20, 00:16:31.038, 85489149014, vstest.console.dll, TestPluginCache: Loggers are 'logger://Microsoft/TestPlatform/Extensions/Blame/v1,logger://Microsoft/TestPlatform/HtmlLogger/v1,logger://Microsoft/TestPlatform/TrxLogger/v1'.
TpTrace Verbose: 0 : 19364, 1, 2024/03/20, 00:16:31.038, 85489149432, vstest.console.dll, TestPluginCache: TestHosts are 'HostProvider://DefaultTestHost,HostProvider://DotnetTestHost'.
TpTrace Verbose: 0 : 19364, 1, 2024/03/20, 00:16:31.038, 85489149616, vstest.console.dll, TestPluginCache: DataCollectors are ''.
TpTrace Information: 0 : 19364, 1, 2024/03/20, 00:16:31.039, 85489164386, vstest.console.dll, TestPluginManager.CreateTestExtension: Attempting to load test extension: Microsoft.TestPlatform.Extensions.BlameDataCollector.BlameLogger
TpTrace Verbose: 0 : 19364, 1, 2024/03/20, 00:16:31.049, 85489263632, vstest.console.dll, TestEngine: Initializing Parallel Execution as MaxCpuCount is set to: 1
TpTrace Information: 0 : 19364, 1, 2024/03/20, 00:16:31.052, 85489288669, vstest.console.dll, TestPluginManager.CreateTestExtension: Attempting to load test extension: Microsoft.VisualStudio.TestPlatform.CrossPlatEngine.Hosting.DefaultTestHostManager
TpTrace Information: 0 : 19364, 1, 2024/03/20, 00:16:31.053, 85489302465, vstest.console.dll, TestPluginManager.CreateTestExtension: Attempting to load test extension: Microsoft.VisualStudio.TestPlatform.CrossPlatEngine.Hosting.DotnetTestHostManager
TpTrace Information: 0 : 19364, 1, 2024/03/20, 00:16:31.054, 85489310631, vstest.console.dll, InferRunSettingsHelper.IsTestSettingsEnabled: Unable to navigate to RunSettings/MSTest. Current node: RunSettings
TpTrace Verbose: 0 : 19364, 1, 2024/03/20, 00:16:31.055, 85489324832, vstest.console.dll, ParallelOperationManager.ClearSlots: Clearing all slots. Slots should accept more work: True
TpTrace Verbose: 0 : 19364, 1, 2024/03/20, 00:16:31.057, 85489338713, vstest.console.dll, ParallelOperationManager.SetOccupiedSlotCount: Setting slot counts AvailableSlotCount = 1, OccupiedSlotCount = 0.
TpTrace Verbose: 0 : 19364, 1, 2024/03/20, 00:16:31.057, 85489344583, vstest.console.dll, Occupied slots:

TpTrace Verbose: 0 : 19364, 1, 2024/03/20, 00:16:31.062, 85489389695, vstest.console.dll, TestEngine.GetExecutionManager: Chosen execution manager 'Microsoft.VisualStudio.TestPlatform.CrossPlatEngine.Client.Parallel.ParallelProxyExecutionManager, Microsoft.TestPlatform.CrossPlatEngine, Version=15.0.0.0, Culture=neutral, PublicKeyToken=b03f5f7f11d50a3a' ParallelLevel '1'.
TpTrace Verbose: 0 : 19364, 1, 2024/03/20, 00:16:31.062, 85489392261, vstest.console.dll, TestRunRequest.ExecuteAsync: Creating test run request.
TpTrace Verbose: 0 : 19364, 1, 2024/03/20, 00:16:31.062, 85489395306, vstest.console.dll, TestRunRequest.ExecuteAsync: Starting.
TpTrace Information: 0 : 19364, 1, 2024/03/20, 00:16:31.066, 85489431394, vstest.console.dll, TestRunRequest.ExecuteAsync: Starting run with settings:TestRunCriteria:
   KeepAlive=False,FrequencyOfRunStatsChangeEvent=10,RunStatsChangeEventTimeout=00:00:01.5000000,TestCaseFilter=,TestExecutorLauncher=
   Settingsxml=<RunSettings>
  <RunConfiguration>
    <ResultsDirectory>C:\Users\vampy\OneDrive\Рабочий стол\6сем\TiOPO\LR1\CodePasswordDLL.Test\bin\Debug\net8.0\fine-code-coverage\coverage-tool-output</ResultsDirectory>
    <TargetPlatform>X64</TargetPlatform>
    <TargetFrameworkVersion>.NETCoreApp,Version=v8.0</TargetFrameworkVersion>
    <DesignMode>False</DesignMode>
    <CollectSourceInformation>False</CollectSourceInformation>
  </RunConfiguration>
  <LoggerRunSettings>
    <Loggers>
      <Logger friendlyName="blame" enabled="True" />
      <Logger friendlyName="Console" uri="logger://microsoft/TestPlatform/ConsoleLogger/v1" assemblyQualifiedName="Microsoft.VisualStudio.TestPlatform.CommandLine.Internal.ConsoleLogger, vstest.console, Version=15.0.0.0, Culture=neutral, PublicKeyToken=b03f5f7f11d50a3a" codeBase="C:\Program Files\dotnet\sdk\8.0.202\vstest.console.dll" enabled="True" />
    </Loggers>
  </LoggerRunSettings>
  <DataCollectionRunSettings>
    <DataCollectors>
      <DataCollector friendlyName="blame" enabled="True">
        <Configuration>
          <ResultsDirectory>C:\Users\vampy\OneDrive\Рабочий стол\6сем\TiOPO\LR1\CodePasswordDLL.Test\bin\Debug\net8.0\fine-code-coverage\coverage-tool-output</ResultsDirectory>
        </Configuration>
      </DataCollector>
    </DataCollectors>
  </DataCollectionRunSettings>
</RunSettings>

TpTrace Verbose: 0 : 19364, 1, 2024/03/20, 00:16:31.066, 85489434115, vstest.console.dll, TestRunRequest.ExecuteAsync: Wait for the first run request is over.
TpTrace Verbose: 0 : 19364, 1, 2024/03/20, 00:16:31.067, 85489441852, vstest.console.dll, MulticastDelegateUtilities.SafeInvoke: TestRun.TestRunStart: Invoking callbacks was skipped because there are no subscribers.
TpTrace Verbose: 0 : 19364, 4, 2024/03/20, 00:16:31.068, 85489445755, vstest.console.dll, MulticastDelegateUtilities.SafeInvoke: InternalTestLoggerEvents.SendTestRunStart: Invoking callback 1/1 for Microsoft.VisualStudio.TestPlatform.CommandLine.Internal.ConsoleLogger., took 0 ms.
TpTrace Verbose: 0 : 19364, 1, 2024/03/20, 00:16:31.068, 85489453555, vstest.console.dll, ParallelProxyExecutionManager: Start execution. Total sources: 1
TpTrace Verbose: 0 : 19364, 1, 2024/03/20, 00:16:31.069, 85489457423, vstest.console.dll, ParallelOperationManager.StartWork: Starting adding 1 workloads.
TpTrace Verbose: 0 : 19364, 1, 2024/03/20, 00:16:31.069, 85489458192, vstest.console.dll, ParallelOperationManager.ClearSlots: Clearing all slots. Slots should accept more work: True
TpTrace Verbose: 0 : 19364, 1, 2024/03/20, 00:16:31.069, 85489458750, vstest.console.dll, ParallelOperationManager.SetOccupiedSlotCount: Setting slot counts AvailableSlotCount = 1, OccupiedSlotCount = 0.
TpTrace Verbose: 0 : 19364, 1, 2024/03/20, 00:16:31.069, 85489459020, vstest.console.dll, Occupied slots:

TpTrace Verbose: 0 : 19364, 1, 2024/03/20, 00:16:31.070, 85489470586, vstest.console.dll, TestRequestSender is acting as server.
TpTrace Verbose: 0 : 19364, 1, 2024/03/20, 00:16:31.072, 85489488818, vstest.console.dll, ParallelOperationManager.RunWorkInParallel: Adding 1 workload to slot, remaining workloads 0.
TpTrace Verbose: 0 : 19364, 1, 2024/03/20, 00:16:31.072, 85489490253, vstest.console.dll, ParallelOperationManager.SetOccupiedSlotCount: Setting slot counts AvailableSlotCount = 0, OccupiedSlotCount = 1.
TpTrace Verbose: 0 : 19364, 1, 2024/03/20, 00:16:31.072, 85489491817, vstest.console.dll, Occupied slots:
0: C:\Users\vampy\OneDrive\Рабочий стол\6сем\TiOPO\LR1\CodePasswordDLL.Test\bin\Debug\net8.0\fine-code-coverage\build-output\CodePasswordDLL.Test.dll
TpTrace Verbose: 0 : 19364, 1, 2024/03/20, 00:16:31.074, 85489510914, vstest.console.dll, ParallelOperationManager.RunWorkInParallel: Started host in slot number 0 for work (source): C:\Users\vampy\OneDrive\Рабочий стол\6сем\TiOPO\LR1\CodePasswordDLL.Test\bin\Debug\net8.0\fine-code-coverage\build-output\CodePasswordDLL.Test.dll.
TpTrace Verbose: 0 : 19364, 1, 2024/03/20, 00:16:31.075, 85489522740, vstest.console.dll, ParallelOperationManager.RunWorkInParallel: We started 1 work items, which is the max parallel level. Won't start more work.
TpTrace Verbose: 0 : 19364, 1, 2024/03/20, 00:16:31.075, 85489524637, vstest.console.dll, ParallelOperationManager.RunWorkInParallel: We started 1 work items in here, returning True.
TpTrace Information: 0 : 19364, 1, 2024/03/20, 00:16:31.076, 85489526393, vstest.console.dll, TestRunRequest.ExecuteAsync: Started.
TpTrace Verbose: 0 : 19364, 5, 2024/03/20, 00:16:31.076, 85489534855, vstest.console.dll, ParallelProxyExecutionManager.StartTestRunOnConcurrentManager: Initializing uninitialized client. Started clients: 0
TpTrace Verbose: 0 : 19364, 5, 2024/03/20, 00:16:31.077, 85489537408, vstest.console.dll, DataCollectionRequestSender.InitializeCommunication : Initialize communication. 
TpTrace Verbose: 0 : 19364, 1, 2024/03/20, 00:16:31.077, 85489538370, vstest.console.dll, TestRunRequest.WaitForCompletion: Waiting with timeout -1.
TpTrace Information: 0 : 19364, 5, 2024/03/20, 00:16:31.087, 85489638646, vstest.console.dll, Listening on Endpoint : 127.0.0.1:53339
TpTrace Verbose: 0 : 19364, 5, 2024/03/20, 00:16:31.098, 85489745691, vstest.console.dll, DotnetDataCollectionLauncher: Adding  --runtimeconfig "C:\Program Files\dotnet\sdk\8.0.202\datacollector.runtimeconfig.json" in args
TpTrace Verbose: 0 : 19364, 5, 2024/03/20, 00:16:31.098, 85489748041, vstest.console.dll, DotnetDataCollectionLauncher: Adding  --depsfile "C:\Program Files\dotnet\sdk\8.0.202\datacollector.deps.json" in args
TpTrace Verbose: 0 : 19364, 5, 2024/03/20, 00:16:31.098, 85489750127, vstest.console.dll, DotnetDataCollectionLauncher: Full path of dotnet.exe is C:\Program Files\dotnet\dotnet.exe
TpTrace Information: 0 : 19364, 5, 2024/03/20, 00:16:31.107, 85489840408, vstest.console.dll, ProxyDataCollectionManager.Initialize: Launched datacollector processId: 20548 port: 53339
TpTrace Information: 0 : 19364, 5, 2024/03/20, 00:16:31.107, 85489843063, vstest.console.dll, ProxyDataCollectionManager.Initialize: waiting for connection with timeout: 90 seconds
TpTrace Verbose: 0 : 19364, 5, 2024/03/20, 00:16:31.107, 85489843551, vstest.console.dll, DataCollectionRequestSender.WaitForRequestHandlerConnection : Waiting for connection with timeout: 90000
TpTrace Information: 0 : 19364, 7, 2024/03/20, 00:16:31.276, 85491525553, vstest.console.dll, Using the buffer size of 16384 bytes
TpTrace Verbose: 0 : 19364, 5, 2024/03/20, 00:16:31.276, 85491525886, vstest.console.dll, SocketCommunicationManager.WaitForClientConnection took: 168 ms, with 90000 ms timeout, and finished with True.
TpTrace Information: 0 : 19364, 7, 2024/03/20, 00:16:31.276, 85491527109, vstest.console.dll, Accepted Client request and set the flag
TpTrace Verbose: 0 : 19364, 5, 2024/03/20, 00:16:31.276, 85491528269, vstest.console.dll, ProxyDataCollectionManager.InvokeDataCollectionServiceAction: Starting.
TpTrace Information: 0 : 19364, 5, 2024/03/20, 00:16:31.276, 85491529615, vstest.console.dll, ProxyDataCollectionManager.BeforeTestRunStart: Get environment variable and port for datacollector processId: 20548 port: 53339
TpTrace Verbose: 0 : 19364, 5, 2024/03/20, 00:16:31.276, 85491530858, vstest.console.dll, DataCollectionRequestSender.SendBeforeTestRunStartAndGetResult: Send BeforeTestRunStart message with settingsXml <RunSettings><RunConfiguration><ResultsDirectory>C:\Users\vampy\OneDrive\Рабочий стол\6сем\TiOPO\LR1\CodePasswordDLL.Test\bin\Debug\net8.0\fine-code-coverage\coverage-tool-output</ResultsDirectory><TargetPlatform>X64</TargetPlatform><TargetFrameworkVersion>.NETCoreApp,Version=v8.0</TargetFrameworkVersion><DesignMode>False</DesignMode><CollectSourceInformation>False</CollectSourceInformation><TestAdaptersPaths>C:\Program Files\dotnet\sdk\8.0.202\Extensions</TestAdaptersPaths></RunConfiguration><LoggerRunSettings><Loggers><Logger friendlyName="blame" enabled="True" /><Logger friendlyName="Console" uri="logger://microsoft/TestPlatform/ConsoleLogger/v1" assemblyQualifiedName="Microsoft.VisualStudio.TestPlatform.CommandLine.Internal.ConsoleLogger, vstest.console, Version=15.0.0.0, Culture=neutral, PublicKeyToken=b03f5f7f11d50a3a" codeBase="C:\Program Files\dotnet\sdk\8.0.202\vstest.console.dll" enabled="True" /></Loggers></LoggerRunSettings><DataCollectionRunSettings><DataCollectors><DataCollector friendlyName="blame" enabled="True"><Configuration><ResultsDirectory>C:\Users\vampy\OneDrive\Рабочий стол\6сем\TiOPO\LR1\CodePasswordDLL.Test\bin\Debug\net8.0\fine-code-coverage\coverage-tool-output</ResultsDirectory></Configuration></DataCollector></DataCollectors></DataCollectionRunSettings></RunSettings> and sources System.Collections.Generic.List`1[System.String]: 
TpTrace Verbose: 0 : 19364, 5, 2024/03/20, 00:16:31.347, 85492239334, vstest.console.dll, DataCollectionRequestSender.SendBeforeTestRunStartAndGetResult: Received message: (DataCollection.SendMessage) -> {"MessageType":"DataCollection.SendMessage","Payload":{"FriendlyName":null,"Uri":null,"TestCaseId":"00000000-0000-0000-0000-000000000000","Message":"Logging DataCollector Diagnostics in file: C:\\Users\\vampy\\OneDrive\\Рабочий стол\\6сем\\TiOPO\\LR1\\CodePasswordDLL.Test\\bin\\Debug\\net8.0\\fine-code-coverage\\coverage-tool-output\\diagnostics.datacollector.24-03-20_00-16-31_09753_5.log","Level":0}}
TpTrace Verbose: 0 : 19364, 5, 2024/03/20, 00:16:31.447, 85493238496, vstest.console.dll, DataCollectionRequestSender.SendBeforeTestRunStartAndGetResult: Received message: (DataCollection.BeforeTestRunStartResult) -> {"MessageType":"DataCollection.BeforeTestRunStartResult","Payload":{"EnvironmentVariables":{},"DataCollectionEventsPort":53341}}
TpTrace Information: 0 : 19364, 5, 2024/03/20, 00:16:31.452, 85493295456, vstest.console.dll, ProxyDataCollectionManager.BeforeTestRunStart: SendBeforeTestRunStartAndGetResult successful, env variable from datacollector:   and testhost port: 53341
TpTrace Information: 0 : 19364, 5, 2024/03/20, 00:16:31.453, 85493296800, vstest.console.dll, ProxyDataCollectionManager.InvokeDataCollectionServiceAction: Completed.
TpTrace Verbose: 0 : 19364, 5, 2024/03/20, 00:16:31.453, 85493297115, vstest.console.dll, ParallelProxyExecutionManager.StartTestRunOnConcurrentManager: Initializing test run. Started clients: 0
TpTrace Verbose: 0 : 19364, 5, 2024/03/20, 00:16:31.453, 85493297938, vstest.console.dll, ProxyExecutionManager: Test host is always Lazy initialize.
TpTrace Verbose: 0 : 19364, 5, 2024/03/20, 00:16:31.453, 85493299825, vstest.console.dll, TestRequestSender.InitializeCommunication: initialize communication. 
TpTrace Information: 0 : 19364, 5, 2024/03/20, 00:16:31.453, 85493304651, vstest.console.dll, SocketServer.Start: Listening on endpoint : 127.0.0.1:53342
TpTrace Verbose: 0 : 19364, 5, 2024/03/20, 00:16:31.454, 85493311953, vstest.console.dll, DotnetTestHostmanager.GetTestHostProcessStartInfo: Platform environment 'X64' target architecture 'X64' framework '.NETCoreApp,Version=v8.0' OS 'Windows'
TpTrace Verbose: 0 : 19364, 5, 2024/03/20, 00:16:31.455, 85493318373, vstest.console.dll, DotnetTestHostmanager: Adding  --runtimeconfig "C:\Users\vampy\OneDrive\Рабочий стол\6сем\TiOPO\LR1\CodePasswordDLL.Test\bin\Debug\net8.0\fine-code-coverage\build-output\CodePasswordDLL.Test.runtimeconfig.json" in args
TpTrace Verbose: 0 : 19364, 5, 2024/03/20, 00:16:31.455, 85493322574, vstest.console.dll, DotnetTestHostmanager: Adding  --depsfile "C:\Users\vampy\OneDrive\Рабочий стол\6сем\TiOPO\LR1\CodePasswordDLL.Test\bin\Debug\net8.0\fine-code-coverage\build-output\CodePasswordDLL.Test.deps.json" in args
TpTrace Verbose: 0 : 19364, 5, 2024/03/20, 00:16:31.456, 85493326209, vstest.console.dll, DotnetTestHostmanager.IsWinOnArm: Current PROCESSOR_ARCHITECTURE from environment variable 'AMD64'
TpTrace Verbose: 0 : 19364, 5, 2024/03/20, 00:16:31.456, 85493327003, vstest.console.dll, DotnetTestHostmanager.IsWinOnArm: Is Windows on ARM 'False'
TpTrace Verbose: 0 : 19364, 5, 2024/03/20, 00:16:31.456, 85493327990, vstest.console.dll, DotnetTestHostManager: testhost.exe found at path: C:\Users\vampy\OneDrive\Рабочий стол\6сем\TiOPO\LR1\CodePasswordDLL.Test\bin\Debug\net8.0\fine-code-coverage\build-output\testhost.exe
TpTrace Verbose: 0 : 19364, 5, 2024/03/20, 00:16:31.456, 85493328332, vstest.console.dll, DotnetTestHostmanager: Full path of host exe is C:\Users\vampy\OneDrive\Рабочий стол\6сем\TiOPO\LR1\CodePasswordDLL.Test\bin\Debug\net8.0\fine-code-coverage\build-output\testhost.exe
TpTrace Verbose: 0 : 19364, 5, 2024/03/20, 00:16:31.456, 85493329995, vstest.console.dll, DotnetTestHostmanager.LaunchTestHostAsync: Found 'VSTEST_WINAPPHOST_DOTNET_ROOT' in env variables, value 'C:\Program Files\dotnet', forwarding to 'DOTNET_ROOT'
TpTrace Verbose: 0 : 19364, 5, 2024/03/20, 00:16:31.456, 85493332049, vstest.console.dll, DotnetTestHostManager: Starting process 'C:\Users\vampy\OneDrive\Рабочий стол\6сем\TiOPO\LR1\CodePasswordDLL.Test\bin\Debug\net8.0\fine-code-coverage\build-output\testhost.exe' with command line ' --runtimeconfig "C:\Users\vampy\OneDrive\Рабочий стол\6сем\TiOPO\LR1\CodePasswordDLL.Test\bin\Debug\net8.0\fine-code-coverage\build-output\CodePasswordDLL.Test.runtimeconfig.json" --depsfile "C:\Users\vampy\OneDrive\Рабочий стол\6сем\TiOPO\LR1\CodePasswordDLL.Test\bin\Debug\net8.0\fine-code-coverage\build-output\CodePasswordDLL.Test.deps.json" --port 53342 --endpoint 127.0.0.1:053342 --role client --parentprocessid 19364 --diag "C:\Users\vampy\OneDrive\Рабочий стол\6сем\TiOPO\LR1\CodePasswordDLL.Test\bin\Debug\net8.0\fine-code-coverage\coverage-tool-output\diagnostics.host.24-03-20_00-16-31_45429_5.log" --tracelevel 4 --datacollectionport 53341 --telemetryoptedin false'
TpTrace Verbose: 0 : 19364, 5, 2024/03/20, 00:16:31.542, 85494186874, vstest.console.dll, MulticastDelegateUtilities.SafeInvoke: HostProviderEvents.OnHostLaunched: Invoking callback 1/2 for Microsoft.VisualStudio.TestPlatform.CrossPlatEngine.Client.ProxyExecutionManagerWithDataCollection., took 1 ms.
TpTrace Verbose: 0 : 19364, 5, 2024/03/20, 00:16:31.542, 85494192684, vstest.console.dll, Test Runtime launched
TpTrace Verbose: 0 : 19364, 5, 2024/03/20, 00:16:31.542, 85494193971, vstest.console.dll, MulticastDelegateUtilities.SafeInvoke: HostProviderEvents.OnHostLaunched: Invoking callback 2/2 for Microsoft.VisualStudio.TestPlatform.CrossPlatEngine.Client.ProxyOperationManager., took 0 ms.
TpTrace Verbose: 0 : 19364, 5, 2024/03/20, 00:16:31.544, 85494207622, vstest.console.dll, TestRequestSender.WaitForRequestHandlerConnection: waiting for connection with timeout: 90000.
TpTrace Verbose: 0 : 19364, 7, 2024/03/20, 00:16:31.714, 85495909145, vstest.console.dll, MulticastDelegateUtilities.SafeInvoke: SocketServer: ClientConnected: Invoking callback 1/1 for Microsoft.VisualStudio.TestPlatform.CommunicationUtilities.TestRequestSender., took 0 ms.
TpTrace Verbose: 0 : 19364, 5, 2024/03/20, 00:16:31.714, 85495909197, vstest.console.dll, TestRequestSender.WaitForRequestHandlerConnection: waiting took 170 ms, with timeout 90000 ms, and result 0, which is success.
TpTrace Verbose: 0 : 19364, 7, 2024/03/20, 00:16:31.714, 85495910815, vstest.console.dll, SocketServer.OnClientConnected: Client connected for endPoint: 127.0.0.1:53342, starting MessageLoopAsync:
TpTrace Verbose: 0 : 19364, 13, 2024/03/20, 00:16:31.715, 85495917004, vstest.console.dll, TcpClientExtensions.MessageLoopAsync: Polling on remoteEndPoint: 127.0.0.1:53343 localEndPoint: 127.0.0.1:53342 after 0 ms
TpTrace Verbose: 0 : 19364, 5, 2024/03/20, 00:16:31.715, 85495921901, vstest.console.dll, TestRequestSender.CheckVersionWithTestHost: Sending check version message: {"MessageType":"ProtocolVersion","Payload":7}
TpTrace Verbose: 0 : 19364, 13, 2024/03/20, 00:16:31.813, 85496904394, vstest.console.dll, TcpClientExtensions.MessageLoopAsync: NotifyDataAvailable remoteEndPoint: 127.0.0.1:53343 localEndPoint: 127.0.0.1:53342
TpTrace Verbose: 0 : 19364, 13, 2024/03/20, 00:16:31.814, 85496907598, vstest.console.dll, TestRequestSender.CheckVersionWithTestHost: onMessageReceived received message: (ProtocolVersion) -> {"MessageType":"ProtocolVersion","Payload":7}
TpTrace Verbose: 0 : 19364, 13, 2024/03/20, 00:16:31.815, 85496919128, vstest.console.dll, MulticastDelegateUtilities.SafeInvoke: LengthPrefixCommunicationChannel: MessageReceived: Invoking callback 1/1 for Microsoft.VisualStudio.TestPlatform.CommunicationUtilities.TestRequestSender+<>c__DisplayClass29_0., took 1 ms.
TpTrace Verbose: 0 : 19364, 13, 2024/03/20, 00:16:31.815, 85496920564, vstest.console.dll, TcpClientExtensions.MessageLoopAsync: Polling on remoteEndPoint: 127.0.0.1:53343 localEndPoint: 127.0.0.1:53342 after 100 ms
TpTrace Verbose: 0 : 19364, 5, 2024/03/20, 00:16:31.815, 85496920811, vstest.console.dll, TestPluginCache.GetExtensionPaths: Filtered extension paths: 
TpTrace Verbose: 0 : 19364, 5, 2024/03/20, 00:16:31.815, 85496921936, vstest.console.dll, TestPluginCache.GetExtensionPaths: Added default extension paths: C:\Program Files\dotnet\sdk\8.0.202\Extensions\Microsoft.Diagnostics.NETCore.Client.dll
C:\Program Files\dotnet\sdk\8.0.202\Extensions\Microsoft.TestPlatform.Extensions.BlameDataCollector.dll
C:\Program Files\dotnet\sdk\8.0.202\Extensions\Microsoft.TestPlatform.Extensions.EventLogCollector.dll
C:\Program Files\dotnet\sdk\8.0.202\Extensions\Microsoft.TestPlatform.TestHostRuntimeProvider.dll
C:\Program Files\dotnet\sdk\8.0.202\Extensions\Microsoft.VisualStudio.TestPlatform.Extensions.Html.TestLogger.dll
C:\Program Files\dotnet\sdk\8.0.202\Extensions\Microsoft.VisualStudio.TestPlatform.Extensions.Trx.TestLogger.dll
TpTrace Verbose: 0 : 19364, 5, 2024/03/20, 00:16:31.815, 85496922651, vstest.console.dll, TestPluginCache.GetExtensionPaths: Added unfilterableExtensionPaths: 
TpTrace Verbose: 0 : 19364, 5, 2024/03/20, 00:16:31.818, 85496946708, vstest.console.dll, TestRequestSender.InitializeExecution: Sending initialize execution with message: {"Version":7,"MessageType":"TestExecution.Initialize","Payload":["C:\\Users\\vampy\\OneDrive\\Рабочий стол\\6сем\\TiOPO\\LR1\\CodePasswordDLL.Test\\bin\\Debug\\net8.0\\fine-code-coverage\\build-output\\xunit.runner.visualstudio.dotnetcore.testadapter.dll"]}
TpTrace Verbose: 0 : 19364, 5, 2024/03/20, 00:16:31.818, 85496949952, vstest.console.dll, ParallelProxyExecutionManager.StartTestRunOnConcurrentManager: Execution starting. Started clients: 1
TpTrace Verbose: 0 : 19364, 5, 2024/03/20, 00:16:31.818, 85496953013, vstest.console.dll, TestRunRequest:SendTestRunMessage: Starting.
TpTrace Verbose: 0 : 19364, 5, 2024/03/20, 00:16:31.818, 85496954597, vstest.console.dll, MulticastDelegateUtilities.SafeInvoke: TestRun.LogMessages: Invoking callback 1/1 for Microsoft.VisualStudio.TestPlatform.CommandLine.TestRunResultAggregator., took 0 ms.
TpTrace Information: 0 : 19364, 5, 2024/03/20, 00:16:31.818, 85496954886, vstest.console.dll, TestRunRequest:SendTestRunMessage: Completed.
TpTrace Verbose: 0 : 19364, 4, 2024/03/20, 00:16:31.819, 85496957421, vstest.console.dll, MulticastDelegateUtilities.SafeInvoke: InternalTestLoggerEvents.SendTestRunMessage: Invoking callback 1/1 for Microsoft.VisualStudio.TestPlatform.CommandLine.Internal.ConsoleLogger., took 0 ms.
TpTrace Warning: 0 : 19364, 5, 2024/03/20, 00:16:31.819, 85496958138, vstest.console.dll, InferRunSettingsHelper.MakeRunsettingsCompatible: Removing the following settings: TargetPlatform from RunSettings file. To use those settings please move to latest version of Microsoft.NET.Test.Sdk
TpTrace Verbose: 0 : 19364, 13, 2024/03/20, 00:16:31.820, 85496972088, vstest.console.dll, TcpClientExtensions.MessageLoopAsync: NotifyDataAvailable remoteEndPoint: 127.0.0.1:53343 localEndPoint: 127.0.0.1:53342
TpTrace Verbose: 0 : 19364, 13, 2024/03/20, 00:16:31.821, 85496978280, vstest.console.dll, TestRequestSender.OnExecutionMessageReceived: Received message: {"Version":7,"MessageType":"TestSession.Message","Payload":{"MessageLevel":0,"Message":"Ведение журналов диагностики TestHost в файле: C:\\Users\\vampy\\OneDrive\\Рабочий стол\\6сем\\TiOPO\\LR1\\CodePasswordDLL.Test\\bin\\Debug\\net8.0\\fine-code-coverage\\coverage-tool-output\\diagnostics.host.24-03-20_00-16-31_45429_5.log"}}
TpTrace Verbose: 0 : 19364, 13, 2024/03/20, 00:16:31.825, 85497017652, vstest.console.dll, TestRunRequest:SendTestRunMessage: Starting.
TpTrace Verbose: 0 : 19364, 13, 2024/03/20, 00:16:31.825, 85497019537, vstest.console.dll, MulticastDelegateUtilities.SafeInvoke: TestRun.LogMessages: Invoking callback 1/1 for Microsoft.VisualStudio.TestPlatform.CommandLine.TestRunResultAggregator., took 0 ms.
TpTrace Information: 0 : 19364, 13, 2024/03/20, 00:16:31.825, 85497019811, vstest.console.dll, TestRunRequest:SendTestRunMessage: Completed.
TpTrace Verbose: 0 : 19364, 13, 2024/03/20, 00:16:31.825, 85497020076, vstest.console.dll, MulticastDelegateUtilities.SafeInvoke: LengthPrefixCommunicationChannel: MessageReceived: Invoking callback 1/1 for Microsoft.VisualStudio.TestPlatform.CommunicationUtilities.TestRequestSender+<>c__DisplayClass34_0., took 4 ms.
TpTrace Verbose: 0 : 19364, 13, 2024/03/20, 00:16:31.825, 85497021096, vstest.console.dll, TcpClientExtensions.MessageLoopAsync: Polling on remoteEndPoint: 127.0.0.1:53343 localEndPoint: 127.0.0.1:53342 after 10 ms
TpTrace Verbose: 0 : 19364, 4, 2024/03/20, 00:16:31.825, 85497020187, vstest.console.dll, MulticastDelegateUtilities.SafeInvoke: InternalTestLoggerEvents.SendTestRunMessage: Invoking callback 1/1 for Microsoft.VisualStudio.TestPlatform.CommandLine.Internal.ConsoleLogger., took 0 ms.
TpTrace Verbose: 0 : 19364, 5, 2024/03/20, 00:16:31.827, 85497043127, vstest.console.dll, TestRequestSender.StartTestRun: Sending test run with message: {"Version":7,"MessageType":"TestExecution.StartWithSources","Payload":{"AdapterSourceMap":{"_none_":["C:\\Users\\vampy\\OneDrive\\Рабочий стол\\6сем\\TiOPO\\LR1\\CodePasswordDLL.Test\\bin\\Debug\\net8.0\\fine-code-coverage\\build-output\\CodePasswordDLL.Test.dll"]},"RunSettings":"<RunSettings>\r\n  <RunConfiguration>\r\n    <ResultsDirectory>C:\\Users\\vampy\\OneDrive\\Рабочий стол\\6сем\\TiOPO\\LR1\\CodePasswordDLL.Test\\bin\\Debug\\net8.0\\fine-code-coverage\\coverage-tool-output</ResultsDirectory>\r\n    <TargetFrameworkVersion>.NETCoreApp,Version=v8.0</TargetFrameworkVersion>\r\n    <DesignMode>False</DesignMode>\r\n    <CollectSourceInformation>False</CollectSourceInformation>\r\n  </RunConfiguration>\r\n  <LoggerRunSettings>\r\n    <Loggers>\r\n      <Logger friendlyName=\"blame\" enabled=\"True\" />\r\n      <Logger friendlyName=\"Console\" uri=\"logger://microsoft/TestPlatform/ConsoleLogger/v1\" assemblyQualifiedName=\"Microsoft.VisualStudio.TestPlatform.CommandLine.Internal.ConsoleLogger, vstest.console, Version=15.0.0.0, Culture=neutral, PublicKeyToken=b03f5f7f11d50a3a\" codeBase=\"C:\\Program Files\\dotnet\\sdk\\8.0.202\\vstest.console.dll\" enabled=\"True\" />\r\n    </Loggers>\r\n  </LoggerRunSettings>\r\n  <DataCollectionRunSettings>\r\n    <DataCollectors>\r\n      <DataCollector friendlyName=\"blame\" enabled=\"True\">\r\n        <Configuration>\r\n          <ResultsDirectory>C:\\Users\\vampy\\OneDrive\\Рабочий стол\\6сем\\TiOPO\\LR1\\CodePasswordDLL.Test\\bin\\Debug\\net8.0\\fine-code-coverage\\coverage-tool-output</ResultsDirectory>\r\n        </Configuration>\r\n      </DataCollector>\r\n    </DataCollectors>\r\n  </DataCollectionRunSettings>\r\n</RunSettings>","TestExecutionContext":{"FrequencyOfRunStatsChangeEvent":10,"RunStatsChangeEventTimeout":"00:00:01.5000000","InIsolation":false,"KeepAlive":false,"AreTestCaseLevelEventsRequired":false,"IsDebug":false,"TestCaseFilter":null,"FilterOptions":null},"Package":null}}
TpTrace Verbose: 0 : 19364, 5, 2024/03/20, 00:16:31.827, 85497045339, vstest.console.dll, ParallelProxyExecutionManager.StartTestRunOnConcurrentManager: Execution started. Started clients: 1
TpTrace Verbose: 0 : 19364, 13, 2024/03/20, 00:16:31.949, 85498256581, vstest.console.dll, TcpClientExtensions.MessageLoopAsync: NotifyDataAvailable remoteEndPoint: 127.0.0.1:53343 localEndPoint: 127.0.0.1:53342
TpTrace Verbose: 0 : 19364, 13, 2024/03/20, 00:16:31.949, 85498258775, vstest.console.dll, TestRequestSender.OnExecutionMessageReceived: Received message: {"Version":7,"MessageType":"TestSession.Message","Payload":{"MessageLevel":0,"Message":"[xUnit.net 00:00:00.00] xUnit.net VSTest Adapter v2.5.3.1+6b60a9e56a (64-bit .NET 8.0.3)"}}
TpTrace Verbose: 0 : 19364, 13, 2024/03/20, 00:16:31.949, 85498261087, vstest.console.dll, TestRunRequest:SendTestRunMessage: Starting.
TpTrace Verbose: 0 : 19364, 13, 2024/03/20, 00:16:31.949, 85498261988, vstest.console.dll, MulticastDelegateUtilities.SafeInvoke: TestRun.LogMessages: Invoking callback 1/1 for Microsoft.VisualStudio.TestPlatform.CommandLine.TestRunResultAggregator., took 0 ms.
TpTrace Information: 0 : 19364, 13, 2024/03/20, 00:16:31.949, 85498262542, vstest.console.dll, TestRunRequest:SendTestRunMessage: Completed.
TpTrace Verbose: 0 : 19364, 13, 2024/03/20, 00:16:31.949, 85498262777, vstest.console.dll, MulticastDelegateUtilities.SafeInvoke: LengthPrefixCommunicationChannel: MessageReceived: Invoking callback 1/1 for Microsoft.VisualStudio.TestPlatform.CommunicationUtilities.TestRequestSender+<>c__DisplayClass34_0., took 0 ms.
TpTrace Verbose: 0 : 19364, 13, 2024/03/20, 00:16:31.949, 85498263728, vstest.console.dll, TcpClientExtensions.MessageLoopAsync: Polling on remoteEndPoint: 127.0.0.1:53343 localEndPoint: 127.0.0.1:53342 after 124 ms
TpTrace Verbose: 0 : 19364, 4, 2024/03/20, 00:16:31.949, 85498262695, vstest.console.dll, MulticastDelegateUtilities.SafeInvoke: InternalTestLoggerEvents.SendTestRunMessage: Invoking callback 1/1 for Microsoft.VisualStudio.TestPlatform.CommandLine.Internal.ConsoleLogger., took 0 ms.
TpTrace Verbose: 0 : 19364, 13, 2024/03/20, 00:16:32.629, 85505064265, vstest.console.dll, TcpClientExtensions.MessageLoopAsync: NotifyDataAvailable remoteEndPoint: 127.0.0.1:53343 localEndPoint: 127.0.0.1:53342
TpTrace Verbose: 0 : 19364, 13, 2024/03/20, 00:16:32.630, 85505066713, vstest.console.dll, TestRequestSender.OnExecutionMessageReceived: Received message: {"Version":7,"MessageType":"TestSession.Message","Payload":{"MessageLevel":0,"Message":"[xUnit.net 00:00:00.68]   Discovering: CodePasswordDLL.Test"}}
TpTrace Verbose: 0 : 19364, 13, 2024/03/20, 00:16:32.630, 85505068116, vstest.console.dll, TestRunRequest:SendTestRunMessage: Starting.
TpTrace Verbose: 0 : 19364, 13, 2024/03/20, 00:16:32.630, 85505068765, vstest.console.dll, MulticastDelegateUtilities.SafeInvoke: TestRun.LogMessages: Invoking callback 1/1 for Microsoft.VisualStudio.TestPlatform.CommandLine.TestRunResultAggregator., took 0 ms.
TpTrace Information: 0 : 19364, 13, 2024/03/20, 00:16:32.630, 85505068976, vstest.console.dll, TestRunRequest:SendTestRunMessage: Completed.
TpTrace Verbose: 0 : 19364, 13, 2024/03/20, 00:16:32.630, 85505069203, vstest.console.dll, MulticastDelegateUtilities.SafeInvoke: LengthPrefixCommunicationChannel: MessageReceived: Invoking callback 1/1 for Microsoft.VisualStudio.TestPlatform.CommunicationUtilities.TestRequestSender+<>c__DisplayClass34_0., took 0 ms.
TpTrace Verbose: 0 : 19364, 13, 2024/03/20, 00:16:32.630, 85505069436, vstest.console.dll, TcpClientExtensions.MessageLoopAsync: Polling on remoteEndPoint: 127.0.0.1:53343 localEndPoint: 127.0.0.1:53342 after 680 ms
TpTrace Verbose: 0 : 19364, 4, 2024/03/20, 00:16:32.630, 85505069636, vstest.console.dll, MulticastDelegateUtilities.SafeInvoke: InternalTestLoggerEvents.SendTestRunMessage: Invoking callback 1/1 for Microsoft.VisualStudio.TestPlatform.CommandLine.Internal.ConsoleLogger., took 0 ms.
TpTrace Verbose: 0 : 19364, 13, 2024/03/20, 00:16:32.668, 85505449986, vstest.console.dll, TcpClientExtensions.MessageLoopAsync: NotifyDataAvailable remoteEndPoint: 127.0.0.1:53343 localEndPoint: 127.0.0.1:53342
TpTrace Verbose: 0 : 19364, 13, 2024/03/20, 00:16:32.668, 85505452919, vstest.console.dll, TestRequestSender.OnExecutionMessageReceived: Received message: {"Version":7,"MessageType":"TestSession.Message","Payload":{"MessageLevel":0,"Message":"[xUnit.net 00:00:00.72]   Discovered:  CodePasswordDLL.Test"}}
TpTrace Verbose: 0 : 19364, 13, 2024/03/20, 00:16:32.668, 85505455428, vstest.console.dll, TestRunRequest:SendTestRunMessage: Starting.
TpTrace Verbose: 0 : 19364, 13, 2024/03/20, 00:16:32.669, 85505456533, vstest.console.dll, MulticastDelegateUtilities.SafeInvoke: TestRun.LogMessages: Invoking callback 1/1 for Microsoft.VisualStudio.TestPlatform.CommandLine.TestRunResultAggregator., took 0 ms.
TpTrace Information: 0 : 19364, 13, 2024/03/20, 00:16:32.669, 85505457333, vstest.console.dll, TestRunRequest:SendTestRunMessage: Completed.
TpTrace Verbose: 0 : 19364, 4, 2024/03/20, 00:16:32.669, 85505457895, vstest.console.dll, MulticastDelegateUtilities.SafeInvoke: InternalTestLoggerEvents.SendTestRunMessage: Invoking callback 1/1 for Microsoft.VisualStudio.TestPlatform.CommandLine.Internal.ConsoleLogger., took 0 ms.
TpTrace Verbose: 0 : 19364, 13, 2024/03/20, 00:16:32.669, 85505458308, vstest.console.dll, MulticastDelegateUtilities.SafeInvoke: LengthPrefixCommunicationChannel: MessageReceived: Invoking callback 1/1 for Microsoft.VisualStudio.TestPlatform.CommunicationUtilities.TestRequestSender+<>c__DisplayClass34_0., took 0 ms.
TpTrace Verbose: 0 : 19364, 13, 2024/03/20, 00:16:32.669, 85505461873, vstest.console.dll, TcpClientExtensions.MessageLoopAsync: Polling on remoteEndPoint: 127.0.0.1:53343 localEndPoint: 127.0.0.1:53342 after 39 ms
TpTrace Verbose: 0 : 19364, 13, 2024/03/20, 00:16:32.674, 85505508217, vstest.console.dll, TcpClientExtensions.MessageLoopAsync: NotifyDataAvailable remoteEndPoint: 127.0.0.1:53343 localEndPoint: 127.0.0.1:53342
TpTrace Verbose: 0 : 19364, 13, 2024/03/20, 00:16:32.674, 85505511379, vstest.console.dll, TestRequestSender.OnExecutionMessageReceived: Received message: {"Version":7,"MessageType":"TestSession.Message","Payload":{"MessageLevel":0,"Message":"[xUnit.net 00:00:00.72]   Starting:    CodePasswordDLL.Test"}}
TpTrace Verbose: 0 : 19364, 13, 2024/03/20, 00:16:32.674, 85505513824, vstest.console.dll, TestRunRequest:SendTestRunMessage: Starting.
TpTrace Verbose: 0 : 19364, 13, 2024/03/20, 00:16:32.674, 85505515026, vstest.console.dll, MulticastDelegateUtilities.SafeInvoke: TestRun.LogMessages: Invoking callback 1/1 for Microsoft.VisualStudio.TestPlatform.CommandLine.TestRunResultAggregator., took 0 ms.
TpTrace Information: 0 : 19364, 13, 2024/03/20, 00:16:32.675, 85505515646, vstest.console.dll, TestRunRequest:SendTestRunMessage: Completed.
TpTrace Verbose: 0 : 19364, 4, 2024/03/20, 00:16:32.675, 85505515779, vstest.console.dll, MulticastDelegateUtilities.SafeInvoke: InternalTestLoggerEvents.SendTestRunMessage: Invoking callback 1/1 for Microsoft.VisualStudio.TestPlatform.CommandLine.Internal.ConsoleLogger., took 0 ms.
TpTrace Verbose: 0 : 19364, 13, 2024/03/20, 00:16:32.675, 85505517614, vstest.console.dll, MulticastDelegateUtilities.SafeInvoke: LengthPrefixCommunicationChannel: MessageReceived: Invoking callback 1/1 for Microsoft.VisualStudio.TestPlatform.CommunicationUtilities.TestRequestSender+<>c__DisplayClass34_0., took 0 ms.
TpTrace Verbose: 0 : 19364, 13, 2024/03/20, 00:16:32.675, 85505518672, vstest.console.dll, TcpClientExtensions.MessageLoopAsync: Polling on remoteEndPoint: 127.0.0.1:53343 localEndPoint: 127.0.0.1:53342 after 5 ms
TpTrace Verbose: 0 : 19364, 13, 2024/03/20, 00:16:32.848, 85507254624, vstest.console.dll, TcpClientExtensions.MessageLoopAsync: NotifyDataAvailable remoteEndPoint: 127.0.0.1:53343 localEndPoint: 127.0.0.1:53342
TpTrace Verbose: 0 : 19364, 13, 2024/03/20, 00:16:32.849, 85507259456, vstest.console.dll, TestRequestSender.OnExecutionMessageReceived: Received message: {"Version":7,"MessageType":"TestExecution.StatsChange","Payload":{"NewTestResults":[{"TestCase":{"Id":"6aa55f9b-233e-88af-3086-963396ec49dd","FullyQualifiedName":"MathOperationsTests.Division","DisplayName":"MathOperationsTests.Division","ExecutorUri":"executor://xunit/VsTestRunner2/netcoreapp","Source":"C:\\Users\\vampy\\OneDrive\\Рабочий стол\\6сем\\TiOPO\\LR1\\CodePasswordDLL.Test\\bin\\Debug\\net8.0\\fine-code-coverage\\build-output\\CodePasswordDLL.Test.dll","CodeFilePath":null,"LineNumber":0,"Properties":[]},"Attachments":[],"Outcome":1,"ErrorMessage":null,"ErrorStackTrace":null,"DisplayName":"MathOperationsTests.Division","Messages":[],"ComputerName":"ROOT","Duration":"00:00:00.0114559","StartTime":"2024-03-19T21:16:32.7555767+00:00","EndTime":"2024-03-19T21:16:32.7555936+00:00","Properties":[]},{"TestCase":{"Id":"84bf4197-51b4-f57a-634b-6c75d77d1c43","FullyQualifiedName":"MathOperationsTests.AdditionWithSmallNumbers","DisplayName":"MathOperationsTests.AdditionWithSmallNumbers","ExecutorUri":"executor://xunit/VsTestRunner2/netcoreapp","Source":"C:\\Users\\vampy\\OneDrive\\Рабочий стол\\6сем\\TiOPO\\LR1\\CodePasswordDLL.Test\\bin\\Debug\\net8.0\\fine-code-coverage\\build-output\\CodePasswordDLL.Test.dll","CodeFilePath":null,"LineNumber":0,"Properties":[]},"Attachments":[],"Outcome":1,"ErrorMessage":null,"ErrorStackTrace":null,"DisplayName":"MathOperationsTests.AdditionWithSmallNumbers","Messages":[],"ComputerName":"ROOT","Duration":"00:00:00.0017274","StartTime":"2024-03-19T21:16:32.7807461+00:00","EndTime":"2024-03-19T21:16:32.7807462+00:00","Properties":[]},{"TestCase":{"Id":"17839ecf-33ac-60ce-eed3-3833dfdd91ed","FullyQualifiedName":"MathOperationsTests.SubtractionWithSmallNumbers","DisplayName":"MathOperationsTests.SubtractionWithSmallNumbers","ExecutorUri":"executor://xunit/VsTestRunner2/netcoreapp","Source":"C:\\Users\\vampy\\OneDrive\\Рабочий стол\\6сем\\TiOPO\\LR1\\CodePasswordDLL.Test\\bin\\Debug\\net8.0\\fine-code-coverage\\build-output\\CodePasswordDLL.Test.dll","CodeFilePath":null,"LineNumber":0,"Properties":[]},"Attachments":[],"Outcome":1,"ErrorMessage":null,"ErrorStackTrace":null,"DisplayName":"MathOperationsTests.SubtractionWithSmallNumbers","Messages":[],"ComputerName":"ROOT","Duration":"00:00:00.0001513","StartTime":"2024-03-19T21:16:32.7871236+00:00","EndTime":"2024-03-19T21:16:32.7871237+00:00","Properties":[]},{"TestCase":{"Id":"ff890a13-d31c-afcf-ef22-d1ea999526a8","FullyQualifiedName":"MathOperationsTests.MultiplicationWithSmallNumbers","DisplayName":"MathOperationsTests.MultiplicationWithSmallNumbers","ExecutorUri":"executor://xunit/VsTestRunner2/netcoreapp","Source":"C:\\Users\\vampy\\OneDrive\\Рабочий стол\\6сем\\TiOPO\\LR1\\CodePasswordDLL.Test\\bin\\Debug\\net8.0\\fine-code-coverage\\build-output\\CodePasswordDLL.Test.dll","CodeFilePath":null,"LineNumber":0,"Properties":[]},"Attachments":[],"Outcome":1,"ErrorMessage":null,"ErrorStackTrace":null,"DisplayName":"MathOperationsTests.MultiplicationWithSmallNumbers","Messages":[],"ComputerName":"ROOT","Duration":"00:00:00.0000932","StartTime":"2024-03-19T21:16:32.7912462+00:00","EndTime":"2024-03-19T21:16:32.7912463+00:00","Properties":[]},{"TestCase":{"Id":"1fef9a7c-0364-1a78-d01a-0fe9bb8b7ae4","FullyQualifiedName":"MathOperationsTests.DivisionWithSmallNumbers","DisplayName":"MathOperationsTests.DivisionWithSmallNumbers","ExecutorUri":"executor://xunit/VsTestRunner2/netcoreapp","Source":"C:\\Users\\vampy\\OneDrive\\Рабочий стол\\6сем\\TiOPO\\LR1\\CodePasswordDLL.Test\\bin\\Debug\\net8.0\\fine-code-coverage\\build-output\\CodePasswordDLL.Test.dll","CodeFilePath":null,"LineNumber":0,"Properties":[]},"Attachments":[],"Outcome":1,"ErrorMessage":null,"ErrorStackTrace":null,"DisplayName":"MathOperationsTests.DivisionWithSmallNumbers","Messages":[],"ComputerName":"ROOT","Duration":"00:00:00.0000928","StartTime":"2024-03-19T21:16:32.794141+00:00","EndTime":"2024-03-19T21:16:32.7941411+00:00","Properties":[]},{"TestCase":{"Id":"81d36b07-6637-1b37-d5ed-955d28db97ba","FullyQualifiedName":"MathOperationsTests.InvalidOperation","DisplayName":"MathOperationsTests.InvalidOperation","ExecutorUri":"executor://xunit/VsTestRunner2/netcoreapp","Source":"C:\\Users\\vampy\\OneDrive\\Рабочий стол\\6сем\\TiOPO\\LR1\\CodePasswordDLL.Test\\bin\\Debug\\net8.0\\fine-code-coverage\\build-output\\CodePasswordDLL.Test.dll","CodeFilePath":null,"LineNumber":0,"Properties":[]},"Attachments":[],"Outcome":1,"ErrorMessage":null,"ErrorStackTrace":null,"DisplayName":"MathOperationsTests.InvalidOperation","Messages":[],"ComputerName":"ROOT","Duration":"00:00:00.0006925","StartTime":"2024-03-19T21:16:32.7968323+00:00","EndTime":"2024-03-19T21:16:32.7968323+00:00","Properties":[]},{"TestCase":{"Id":"dc57f94f-3b4f-7888-c570-6baf50a914a5","FullyQualifiedName":"MathOperationsTests.Subtraction","DisplayName":"MathOperationsTests.Subtraction","ExecutorUri":"executor://xunit/VsTestRunner2/netcoreapp","Source":"C:\\Users\\vampy\\OneDrive\\Рабочий стол\\6сем\\TiOPO\\LR1\\CodePasswordDLL.Test\\bin\\Debug\\net8.0\\fine-code-coverage\\build-output\\CodePasswordDLL.Test.dll","CodeFilePath":null,"LineNumber":0,"Properties":[]},"Attachments":[],"Outcome":1,"ErrorMessage":null,"ErrorStackTrace":null,"DisplayName":"MathOperationsTests.Subtraction","Messages":[],"ComputerName":"ROOT","Duration":"00:00:00.0000996","StartTime":"2024-03-19T21:16:32.7988156+00:00","EndTime":"2024-03-19T21:16:32.7988157+00:00","Properties":[]},{"TestCase":{"Id":"f55eb0f6-9658-641a-2220-e49a6a4dc309","FullyQualifiedName":"MathOperationsTests.Addition","DisplayName":"MathOperationsTests.Addition","ExecutorUri":"executor://xunit/VsTestRunner2/netcoreapp","Source":"C:\\Users\\vampy\\OneDrive\\Рабочий стол\\6сем\\TiOPO\\LR1\\CodePasswordDLL.Test\\bin\\Debug\\net8.0\\fine-code-coverage\\build-output\\CodePasswordDLL.Test.dll","CodeFilePath":null,"LineNumber":0,"Properties":[]},"Attachments":[],"Outcome":1,"ErrorMessage":null,"ErrorStackTrace":null,"DisplayName":"MathOperationsTests.Addition","Messages":[],"ComputerName":"ROOT","Duration":"00:00:00.0000664","StartTime":"2024-03-19T21:16:32.8017423+00:00","EndTime":"2024-03-19T21:16:32.8017424+00:00","Properties":[]},{"TestCase":{"Id":"a42e2210-be78-36e9-557b-834880e1fd82","FullyQualifiedName":"MathOperationsTests.DivisionByZero","DisplayName":"MathOperationsTests.DivisionByZero","ExecutorUri":"executor://xunit/VsTestRunner2/netcoreapp","Source":"C:\\Users\\vampy\\OneDrive\\Рабочий стол\\6сем\\TiOPO\\LR1\\CodePasswordDLL.Test\\bin\\Debug\\net8.0\\fine-code-coverage\\build-output\\CodePasswordDLL.Test.dll","CodeFilePath":null,"LineNumber":0,"Properties":[]},"Attachments":[],"Outcome":1,"ErrorMessage":null,"ErrorStackTrace":null,"DisplayName":"MathOperationsTests.DivisionByZero","Messages":[],"ComputerName":"ROOT","Duration":"00:00:00.0002548","StartTime":"2024-03-19T21:16:32.8047525+00:00","EndTime":"2024-03-19T21:16:32.8047526+00:00","Properties":[]}],"TestRunStatistics":{"ExecutedTests":9,"Stats":{"Passed":9}},"ActiveTests":[{"Id":"ce6f7f72-d40b-e085-728b-4713bef8d8ad","FullyQualifiedName":"MathOperationsTests.Multiplication","DisplayName":"MathOperationsTests.Multiplication","ExecutorUri":"executor://xunit/VsTestRunner2/netcoreapp","Source":"C:\\Users\\vampy\\OneDrive\\Рабочий стол\\6сем\\TiOPO\\LR1\\CodePasswordDLL.Test\\bin\\Debug\\net8.0\\fine-code-coverage\\build-output\\CodePasswordDLL.Test.dll","CodeFilePath":null,"LineNumber":0,"Properties":[]}]}}
TpTrace Verbose: 0 : 19364, 13, 2024/03/20, 00:16:32.889, 85507661689, vstest.console.dll, TestRunRequest:SendTestRunStatsChange: Starting.
TpTrace Verbose: 0 : 19364, 13, 2024/03/20, 00:16:32.889, 85507664839, vstest.console.dll, InProgress is MathOperationsTests.Multiplication
TpTrace Verbose: 0 : 19364, 13, 2024/03/20, 00:16:32.890, 85507670748, vstest.console.dll, MulticastDelegateUtilities.SafeInvoke: TestRun.RunStatsChanged: Invoking callbacks was skipped because there are no subscribers.
TpTrace Information: 0 : 19364, 13, 2024/03/20, 00:16:32.890, 85507671826, vstest.console.dll, TestRunRequest:SendTestRunStatsChange: Completed.
TpTrace Verbose: 0 : 19364, 13, 2024/03/20, 00:16:32.890, 85507672467, vstest.console.dll, MulticastDelegateUtilities.SafeInvoke: LengthPrefixCommunicationChannel: MessageReceived: Invoking callback 1/1 for Microsoft.VisualStudio.TestPlatform.CommunicationUtilities.TestRequestSender+<>c__DisplayClass34_0., took 41 ms.
TpTrace Verbose: 0 : 19364, 13, 2024/03/20, 00:16:32.890, 85507672746, vstest.console.dll, TcpClientExtensions.MessageLoopAsync: Polling on remoteEndPoint: 127.0.0.1:53343 localEndPoint: 127.0.0.1:53342 after 215 ms
TpTrace Verbose: 0 : 19364, 13, 2024/03/20, 00:16:32.890, 85507673281, vstest.console.dll, TcpClientExtensions.MessageLoopAsync: NotifyDataAvailable remoteEndPoint: 127.0.0.1:53343 localEndPoint: 127.0.0.1:53342
TpTrace Verbose: 0 : 19364, 13, 2024/03/20, 00:16:32.890, 85507674139, vstest.console.dll, TestRequestSender.OnExecutionMessageReceived: Received message: {"Version":7,"MessageType":"TestSession.Message","Payload":{"MessageLevel":0,"Message":"[xUnit.net 00:00:00.91]   Finished:    CodePasswordDLL.Test"}}
TpTrace Verbose: 0 : 19364, 13, 2024/03/20, 00:16:32.891, 85507675527, vstest.console.dll, TestRunRequest:SendTestRunMessage: Starting.
TpTrace Verbose: 0 : 19364, 13, 2024/03/20, 00:16:32.891, 85507676188, vstest.console.dll, MulticastDelegateUtilities.SafeInvoke: TestRun.LogMessages: Invoking callback 1/1 for Microsoft.VisualStudio.TestPlatform.CommandLine.TestRunResultAggregator., took 0 ms.
TpTrace Information: 0 : 19364, 13, 2024/03/20, 00:16:32.891, 85507676455, vstest.console.dll, TestRunRequest:SendTestRunMessage: Completed.
TpTrace Verbose: 0 : 19364, 13, 2024/03/20, 00:16:32.891, 85507676682, vstest.console.dll, MulticastDelegateUtilities.SafeInvoke: LengthPrefixCommunicationChannel: MessageReceived: Invoking callback 1/1 for Microsoft.VisualStudio.TestPlatform.CommunicationUtilities.TestRequestSender+<>c__DisplayClass34_0., took 0 ms.
TpTrace Verbose: 0 : 19364, 13, 2024/03/20, 00:16:32.891, 85507676869, vstest.console.dll, TcpClientExtensions.MessageLoopAsync: Polling on remoteEndPoint: 127.0.0.1:53343 localEndPoint: 127.0.0.1:53342 after 0 ms
TpTrace Verbose: 0 : 19364, 13, 2024/03/20, 00:16:32.891, 85507677191, vstest.console.dll, TcpClientExtensions.MessageLoopAsync: NotifyDataAvailable remoteEndPoint: 127.0.0.1:53343 localEndPoint: 127.0.0.1:53342
TpTrace Verbose: 0 : 19364, 13, 2024/03/20, 00:16:32.891, 85507677759, vstest.console.dll, TestRequestSender.OnExecutionMessageReceived: Received message: {"Version":7,"MessageType":"TestExecution.Completed","Payload":{"TestRunCompleteArgs":{"TestRunStatistics":{"ExecutedTests":10,"Stats":{"Passed":10}},"IsCanceled":false,"IsAborted":false,"Error":null,"AttachmentSets":[],"InvokedDataCollectors":[],"ElapsedTimeInRunningTests":"00:00:00.9262226","Metrics":{},"DiscoveredExtensions":{"TestDiscoverers":["Xunit.Runner.VisualStudio.VsTestRunner, xunit.runner.visualstudio.dotnetcore.testadapter, Version=2.5.0.0, Culture=neutral, PublicKeyToken=null"],"TestExecutors":["executor://xunit/VsTestRunner2/netcoreapp"],"TestExecutors2":[],"TestSettingsProviders":[]}},"LastRunTests":{"NewTestResults":[{"TestCase":{"Id":"ce6f7f72-d40b-e085-728b-4713bef8d8ad","FullyQualifiedName":"MathOperationsTests.Multiplication","DisplayName":"MathOperationsTests.Multiplication","ExecutorUri":"executor://xunit/VsTestRunner2/netcoreapp","Source":"C:\\Users\\vampy\\OneDrive\\Рабочий стол\\6сем\\TiOPO\\LR1\\CodePasswordDLL.Test\\bin\\Debug\\net8.0\\fine-code-coverage\\build-output\\CodePasswordDLL.Test.dll","CodeFilePath":null,"LineNumber":0,"Properties":[]},"Attachments":[],"Outcome":1,"ErrorMessage":null,"ErrorStackTrace":null,"DisplayName":"MathOperationsTests.Multiplication","Messages":[],"ComputerName":"ROOT","Duration":"00:00:00.0000905","StartTime":"2024-03-19T21:16:32.851605+00:00","EndTime":"2024-03-19T21:16:32.8516051+00:00","Properties":[]}],"TestRunStatistics":{"ExecutedTests":10,"Stats":{"Passed":10}},"ActiveTests":[]},"RunAttachments":[],"ExecutorUris":["executor://xunit/VsTestRunner2/netcoreapp"]}}
TpTrace Verbose: 0 : 19364, 13, 2024/03/20, 00:16:32.891, 85507678470, vstest.console.dll, TestRequestSender.EndSession: Sending end session.
TpTrace Verbose: 0 : 19364, 13, 2024/03/20, 00:16:32.891, 85507680354, vstest.console.dll, ProxyOperationManager.Close: waiting for test host to exit for 100 ms
TpTrace Verbose: 0 : 19364, 4, 2024/03/20, 00:16:32.893, 85507703053, vstest.console.dll, MulticastDelegateUtilities.SafeInvoke: InternalTestLoggerEvents.SendTestResult: Invoking callback 1/1 for Microsoft.VisualStudio.TestPlatform.CommandLine.Internal.ConsoleLogger., took 3 ms.
TpTrace Verbose: 0 : 19364, 4, 2024/03/20, 00:16:32.894, 85507708039, vstest.console.dll, MulticastDelegateUtilities.SafeInvoke: InternalTestLoggerEvents.SendTestResult: Invoking callback 1/1 for Microsoft.VisualStudio.TestPlatform.CommandLine.Internal.ConsoleLogger., took 0 ms.
TpTrace Verbose: 0 : 19364, 4, 2024/03/20, 00:16:32.894, 85507709065, vstest.console.dll, MulticastDelegateUtilities.SafeInvoke: InternalTestLoggerEvents.SendTestResult: Invoking callback 1/1 for Microsoft.VisualStudio.TestPlatform.CommandLine.Internal.ConsoleLogger., took 0 ms.
TpTrace Verbose: 0 : 19364, 4, 2024/03/20, 00:16:32.894, 85507709364, vstest.console.dll, MulticastDelegateUtilities.SafeInvoke: InternalTestLoggerEvents.SendTestResult: Invoking callback 1/1 for Microsoft.VisualStudio.TestPlatform.CommandLine.Internal.ConsoleLogger., took 0 ms.
TpTrace Verbose: 0 : 19364, 4, 2024/03/20, 00:16:32.894, 85507709792, vstest.console.dll, MulticastDelegateUtilities.SafeInvoke: InternalTestLoggerEvents.SendTestResult: Invoking callback 1/1 for Microsoft.VisualStudio.TestPlatform.CommandLine.Internal.ConsoleLogger., took 0 ms.
TpTrace Verbose: 0 : 19364, 4, 2024/03/20, 00:16:32.894, 85507710178, vstest.console.dll, MulticastDelegateUtilities.SafeInvoke: InternalTestLoggerEvents.SendTestResult: Invoking callback 1/1 for Microsoft.VisualStudio.TestPlatform.CommandLine.Internal.ConsoleLogger., took 0 ms.
TpTrace Verbose: 0 : 19364, 4, 2024/03/20, 00:16:32.894, 85507710449, vstest.console.dll, MulticastDelegateUtilities.SafeInvoke: InternalTestLoggerEvents.SendTestResult: Invoking callback 1/1 for Microsoft.VisualStudio.TestPlatform.CommandLine.Internal.ConsoleLogger., took 0 ms.
TpTrace Verbose: 0 : 19364, 4, 2024/03/20, 00:16:32.894, 85507710831, vstest.console.dll, MulticastDelegateUtilities.SafeInvoke: InternalTestLoggerEvents.SendTestResult: Invoking callback 1/1 for Microsoft.VisualStudio.TestPlatform.CommandLine.Internal.ConsoleLogger., took 0 ms.
TpTrace Verbose: 0 : 19364, 4, 2024/03/20, 00:16:32.894, 85507711121, vstest.console.dll, MulticastDelegateUtilities.SafeInvoke: InternalTestLoggerEvents.SendTestResult: Invoking callback 1/1 for Microsoft.VisualStudio.TestPlatform.CommandLine.Internal.ConsoleLogger., took 0 ms.
TpTrace Verbose: 0 : 19364, 4, 2024/03/20, 00:16:32.894, 85507711369, vstest.console.dll, MulticastDelegateUtilities.SafeInvoke: InternalTestLoggerEvents.SendTestRunMessage: Invoking callback 1/1 for Microsoft.VisualStudio.TestPlatform.CommandLine.Internal.ConsoleLogger., took 0 ms.
TpTrace Verbose: 0 : 19364, 11, 2024/03/20, 00:16:32.937, 85508144777, vstest.console.dll, TestHostManagerCallbacks.ctor: Experimental forwarding output is disabled.
TpTrace Warning: 0 : 19364, 11, 2024/03/20, 00:16:32.938, 85508146335, vstest.console.dll, TestHostManagerCallbacks.ErrorReceivedCallback Test host standard error line: 
TpTrace Verbose: 0 : 19364, 11, 2024/03/20, 00:16:32.946, 85508232199, vstest.console.dll, TestHostProvider.ExitCallBack: Host exited starting callback.
TpTrace Information: 0 : 19364, 11, 2024/03/20, 00:16:32.946, 85508233903, vstest.console.dll, TestHostManagerCallbacks.ExitCallBack: Testhost processId: 20956 exited with exitcode: 0 error: ''
TpTrace Verbose: 0 : 19364, 11, 2024/03/20, 00:16:32.946, 85508234268, vstest.console.dll, DotnetTestHostManager.OnHostExited: invoking OnHostExited callback
TpTrace Verbose: 0 : 19364, 11, 2024/03/20, 00:16:32.946, 85508234732, vstest.console.dll, CrossPlatEngine.TestHostManagerHostExited: calling on client process exit callback.
TpTrace Information: 0 : 19364, 11, 2024/03/20, 00:16:32.946, 85508235186, vstest.console.dll, TestRequestSender.OnClientProcessExit: Test host process exited. Standard error: 
TpTrace Information: 0 : 19364, 11, 2024/03/20, 00:16:32.947, 85508235468, vstest.console.dll, SocketServer.Stop: Stop server endPoint: 127.0.0.1:53342
TpTrace Information: 0 : 19364, 13, 2024/03/20, 00:16:32.947, 85508235491, vstest.console.dll, SocketServer.Stop: Stop server endPoint: 127.0.0.1:53342
TpTrace Information: 0 : 19364, 13, 2024/03/20, 00:16:32.947, 85508236180, vstest.console.dll, SocketServer.Stop: Cancellation requested. Stopping message loop.
TpTrace Information: 0 : 19364, 11, 2024/03/20, 00:16:32.947, 85508235641, vstest.console.dll, SocketServer.Stop: Cancellation requested. Stopping message loop.
TpTrace Information: 0 : 19364, 13, 2024/03/20, 00:16:32.947, 85508237393, vstest.console.dll, Closing the connection
TpTrace Verbose: 0 : 19364, 11, 2024/03/20, 00:16:32.947, 85508237654, vstest.console.dll, MulticastDelegateUtilities.SafeInvoke: HostProviderEvents.OnHostExited: Invoking callback 1/1 for Microsoft.VisualStudio.TestPlatform.CrossPlatEngine.Client.ProxyOperationManager., took 0 ms.
TpTrace Verbose: 0 : 19364, 13, 2024/03/20, 00:16:32.947, 85508240133, vstest.console.dll, ProxyDataCollectionManager.InvokeDataCollectionServiceAction: Starting.
TpTrace Information: 0 : 19364, 13, 2024/03/20, 00:16:32.947, 85508240669, vstest.console.dll, ProxyDataCollectionManager.AfterTestRunEnd: Get attachment set and invoked data collectors processId: 20548 port: 53339
TpTrace Verbose: 0 : 19364, 13, 2024/03/20, 00:16:32.947, 85508241059, vstest.console.dll, DataCollectionRequestSender.SendAfterTestRunStartAndGetResult: Send AfterTestRunEnd message with isCancelled: False
TpTrace Verbose: 0 : 19364, 13, 2024/03/20, 00:16:32.954, 85508312242, vstest.console.dll, DataCollectionRequestSender.SendAfterTestRunStartAndGetResult: Received message: (DataCollection.AfterTestRunEndResult) -> {"MessageType":"DataCollection.AfterTestRunEndResult","Payload":{"AttachmentSets":[],"InvokedDataCollectors":[{"Uri":"datacollector://Microsoft/TestPlatform/Extensions/Blame/v1","FriendlyName":"Blame","AssemblyQualifiedName":"Microsoft.TestPlatform.Extensions.BlameDataCollector.BlameCollector, Microsoft.TestPlatform.Extensions.BlameDataCollector, Version=15.0.0.0, Culture=neutral, PublicKeyToken=b03f5f7f11d50a3a","FilePath":"C:\\Program Files\\dotnet\\sdk\\8.0.202\\Extensions\\Microsoft.TestPlatform.Extensions.BlameDataCollector.dll","HasAttachmentProcessor":false}],"Metrics":{}}}
TpTrace Warning: 0 : 19364, 10, 2024/03/20, 00:16:32.961, 85508380194, vstest.console.dll, DataCollectionLauncher.ErrorReceivedCallback datacollector standard error line: 
TpTrace Information: 0 : 19364, 13, 2024/03/20, 00:16:32.964, 85508413981, vstest.console.dll, ProxyDataCollectionManager.InvokeDataCollectionServiceAction: Completed.
TpTrace Information: 0 : 19364, 10, 2024/03/20, 00:16:32.968, 85508455104, vstest.console.dll, DataCollectionLauncher.ExitCallBack: Data collector exited with exitcode: 0 error: ''
TpTrace Verbose: 0 : 19364, 13, 2024/03/20, 00:16:33.013, 85508896757, vstest.console.dll, TestRunRequest:SendTestRunStatsChange: Starting.
TpTrace Verbose: 0 : 19364, 13, 2024/03/20, 00:16:33.013, 85508898633, vstest.console.dll, MulticastDelegateUtilities.SafeInvoke: TestRun.RunStatsChanged: Invoking callbacks was skipped because there are no subscribers.
TpTrace Information: 0 : 19364, 13, 2024/03/20, 00:16:33.013, 85508898865, vstest.console.dll, TestRunRequest:SendTestRunStatsChange: Completed.
TpTrace Verbose: 0 : 19364, 4, 2024/03/20, 00:16:33.013, 85508899923, vstest.console.dll, MulticastDelegateUtilities.SafeInvoke: InternalTestLoggerEvents.SendTestResult: Invoking callback 1/1 for Microsoft.VisualStudio.TestPlatform.CommandLine.Internal.ConsoleLogger., took 0 ms.
TpTrace Verbose: 0 : 19364, 13, 2024/03/20, 00:16:33.013, 85508902618, vstest.console.dll, ParallelProxyExecutionManager: HandlePartialRunComplete: Total workloads = 1, Total started clients = 1 Total completed clients = 1, Run complete = True, Run canceled: False.
TpTrace Verbose: 0 : 19364, 13, 2024/03/20, 00:16:33.013, 85508903098, vstest.console.dll, ParallelProxyExecutionManager: HandlePartialRunComplete: All runs completed stopping all managers.
TpTrace Verbose: 0 : 19364, 13, 2024/03/20, 00:16:33.013, 85508903338, vstest.console.dll, ParallelOperationManager.StopAllManagers: Stopping all managers.
TpTrace Verbose: 0 : 19364, 13, 2024/03/20, 00:16:33.013, 85508903535, vstest.console.dll, ParallelOperationManager.ClearSlots: Clearing all slots. Slots should accept more work: False
TpTrace Verbose: 0 : 19364, 13, 2024/03/20, 00:16:33.013, 85508903962, vstest.console.dll, ParallelOperationManager.SetOccupiedSlotCount: Setting slot counts AvailableSlotCount = 1, OccupiedSlotCount = 0.
TpTrace Verbose: 0 : 19364, 13, 2024/03/20, 00:16:33.013, 85508904418, vstest.console.dll, Occupied slots:

TpTrace Verbose: 0 : 19364, 4, 2024/03/20, 00:16:33.021, 85508979447, vstest.console.dll, MulticastDelegateUtilities.SafeInvoke: InternalTestLoggerEvents.SendTestRunComplete: Invoking callback 1/2 for Microsoft.TestPlatform.Extensions.BlameDataCollector.BlameLogger., took 0 ms.
TpTrace Verbose: 0 : 19364, 4, 2024/03/20, 00:16:33.026, 85509032409, vstest.console.dll, MulticastDelegateUtilities.SafeInvoke: InternalTestLoggerEvents.SendTestRunComplete: Invoking callback 2/2 for Microsoft.VisualStudio.TestPlatform.CommandLine.Internal.ConsoleLogger., took 5 ms.
TpTrace Verbose: 0 : 19364, 13, 2024/03/20, 00:16:33.027, 85509038512, vstest.console.dll, TestRunRequest:TestRunComplete: Starting. IsAborted:False IsCanceled:False.
TpTrace Verbose: 0 : 19364, 13, 2024/03/20, 00:16:33.027, 85509041261, vstest.console.dll, ParallelOperationManager.DoActionOnAllManagers: Calling an action on all managers.
TpTrace Verbose: 0 : 19364, 13, 2024/03/20, 00:16:33.029, 85509055595, vstest.console.dll, TestLoggerManager.HandleTestRunComplete: Ignoring as the object is disposed.
TpTrace Verbose: 0 : 19364, 13, 2024/03/20, 00:16:33.029, 85509059143, vstest.console.dll, MulticastDelegateUtilities.SafeInvoke: TestRun.TestRunComplete: Invoking callback 1/2 for Microsoft.VisualStudio.TestPlatform.CommandLine.TestRunResultAggregator., took 0 ms.
TpTrace Verbose: 0 : 19364, 13, 2024/03/20, 00:16:33.029, 85509060299, vstest.console.dll, MulticastDelegateUtilities.SafeInvoke: TestRun.TestRunComplete: Invoking callback 2/2 for Microsoft.VisualStudio.TestPlatform.CommandLine.Processors.RunTestsArgumentExecutor+TestRunRequestEventsRegistrar., took 0 ms.
TpTrace Information: 0 : 19364, 13, 2024/03/20, 00:16:33.029, 85509061250, vstest.console.dll, TestRunRequest:TestRunComplete: Completed.
TpTrace Verbose: 0 : 19364, 13, 2024/03/20, 00:16:33.029, 85509061553, vstest.console.dll, TestRequestSender.SetOperationComplete: Setting operation complete.
TpTrace Verbose: 0 : 19364, 1, 2024/03/20, 00:16:33.029, 85509061521, vstest.console.dll, TestRunRequest.Dispose: Starting.
TpTrace Information: 0 : 19364, 13, 2024/03/20, 00:16:33.029, 85509061859, vstest.console.dll, SocketServer.Stop: Stop server endPoint: 127.0.0.1:53342
TpTrace Information: 0 : 19364, 1, 2024/03/20, 00:16:33.029, 85509062267, vstest.console.dll, TestRunRequest.Dispose: Completed.
TpTrace Information: 0 : 19364, 13, 2024/03/20, 00:16:33.029, 85509062795, vstest.console.dll, SocketServer.Stop: Cancellation requested. Stopping message loop.
TpTrace Information: 0 : 19364, 1, 2024/03/20, 00:16:33.029, 85509063441, vstest.console.dll, TestRequestManager.RunTests: run tests completed.
TpTrace Verbose: 0 : 19364, 13, 2024/03/20, 00:16:33.029, 85509063878, vstest.console.dll, MulticastDelegateUtilities.SafeInvoke: LengthPrefixCommunicationChannel: MessageReceived: Invoking callback 1/1 for Microsoft.VisualStudio.TestPlatform.CommunicationUtilities.TestRequestSender+<>c__DisplayClass34_0., took 138 ms.
TpTrace Information: 0 : 19364, 1, 2024/03/20, 00:16:33.029, 85509064574, vstest.console.dll, RunTestsArgumentProcessor:Execute: Test run is completed.
TpTrace Information: 0 : 19364, 13, 2024/03/20, 00:16:33.029, 85509064684, vstest.console.dll, SocketServer.PrivateStop: Stopping server endPoint: 127.0.0.1:53342 error: 
TpTrace Verbose: 0 : 19364, 1, 2024/03/20, 00:16:33.030, 85509066957, vstest.console.dll, Executor.Execute: Exiting with exit code of 0
TpTrace Verbose: 0 : 19364, 13, 2024/03/20, 00:16:33.030, 85509070754, vstest.console.dll, LengthPrefixCommunicationChannel.Dispose: Dispose reader and writer.
TpTrace Information: 0 : 19364, 13, 2024/03/20, 00:16:33.030, 85509071856, vstest.console.dll, SocketServer.Stop: Raise disconnected event endPoint: 127.0.0.1:53342 error: 
